Test it 0
('current state: ', [[4, 2, 1, 2, 2], [4, 2, 0, 2, 2], [4, 2, 3, 2, 2], [4, 2, 0, 2, 2], [4, 2, 1, 2, 2], [4, 2, 1, 2, 2], [4, 2, 1, 2, 2], [4, 2, 2, 2, 2], [4, 2, 2, 2, 2], [4, 2, 1, 2, 2]])
('sampled state: ', [tensor([2, 4, 3, 2, 2]), tensor([5, 6, 2, 2, 2]), tensor([5, 4, 2, 2, 2]), tensor([2, 1, 1, 2, 2]), tensor([2, 1, 1, 2, 2]), tensor([3, 4, 3, 2, 2]), tensor([3, 4, 3, 2, 2]), tensor([3, 2, 1, 2, 2]), tensor([5, 6, 0, 2, 2]), tensor([2, 2, 0, 2, 2])])
('sampled action: ', [2, 0, 3, 3, 0, 2, 3, 3, 0, 0])
('current state: ', [[4, 3, 1, 2, 2], [4, 3, 0, 2, 2], [4, 3, 0, 2, 2], [4, 3, 0, 2, 2], [4, 3, 3, 2, 2], [4, 2, 3, 2, 2], [4, 2, 3, 2, 2], [4, 2, 3, 2, 2], [4, 2, 2, 2, 2], [4, 2, 1, 2, 2]])
('sampled state: ', [tensor([4, 3, 3, 2, 2]), tensor([2, 3, 3, 2, 2]), tensor([4, 4, 3, 2, 2]), tensor([2, 4, 1, 2, 2]), tensor([0, 6, 1, 2, 2]), tensor([2, 4, 2, 2, 2]), tensor([0, 6, 0, 2, 2]), tensor([3, 1, 1, 2, 2]), tensor([3, 6, 3, 2, 2]), tensor([2, 2, 0, 2, 2])])
('sampled action: ', [0, 0, 0, 2, 2, 3, 3, 3, 1, 1])
('actions: ', [2, 0, 0, 1, 1, 3, 3, 1, 3, 0, 2, 0, 3, 3, 0, 2, 3, 3, 0, 0, 0, 0, 0, 2, 2, 3])
('current state: ', [[4, 1, 2, 6, 1], [4, 1, 2, 6, 1], [4, 1, 2, 6, 1], [4, 1, 1, 6, 1], [4, 1, 0, 6, 1], [4, 1, 3, 6, 1], [4, 1, 2, 6, 1], [4, 1, 1, 6, 1], [4, 1, 1, 6, 1], [4, 1, 1, 6, 1]])
('sampled state: ', [tensor([5, 2, 0, 6, 1]), tensor([3, 1, 0, 6, 1]), tensor([5, 5, 2, 6, 1]), tensor([4, 2, 3, 6, 1]), tensor([3, 4, 2, 6, 1]), tensor([0, 2, 1, 6, 1]), tensor([5, 1, 0, 6, 1]), tensor([5, 3, 3, 6, 1]), tensor([5, 1, 2, 6, 1]), tensor([6, 1, 0, 6, 1])])
('sampled action: ', [0, 1, 2, 2, 2, 3, 2, 1, 1, 1])
('current state: ', [[4, 1, 0, 6, 1], [4, 1, 1, 6, 1], [4, 2, 1, 6, 1], [4, 3, 1, 6, 1], [4, 4, 1, 6, 1], [4, 4, 1, 6, 1], [4, 5, 1, 6, 1], [4, 5, 2, 6, 1], [4, 5, 3, 6, 1], [4, 5, 0, 6, 1]])
('sampled state: ', [tensor([4, 1, 3, 6, 1]), tensor([3, 6, 3, 6, 1]), tensor([5, 2, 3, 6, 1]), tensor([2, 3, 3, 6, 1]), tensor([2, 2, 2, 6, 1]), tensor([4, 4, 0, 6, 1]), tensor([4, 1, 3, 6, 1]), tensor([1, 2, 1, 6, 1]), tensor([3, 4, 3, 6, 1]), tensor([6, 1, 0, 6, 1])])
('sampled action: ', [2, 2, 2, 1, 0, 2, 0, 1, 3, 0])
('current state: ', [[5, 5, 0, 6, 1], [5, 5, 0, 6, 1], [5, 5, 0, 6, 1], [5, 5, 1, 6, 1], [5, 5, 0, 6, 1], [5, 5, 0, 6, 1], [5, 5, 3, 6, 1], [5, 5, 0, 6, 1], [5, 5, 0, 6, 1], [5, 5, 3, 6, 1]])
('sampled state: ', [tensor([1, 4, 1, 6, 1]), tensor([3, 4, 2, 6, 1]), tensor([4, 4, 1, 6, 1]), tensor([2, 2, 3, 6, 1]), tensor([3, 2, 3, 6, 1]), tensor([1, 1, 3, 6, 1]), tensor([3, 4, 2, 6, 1]), tensor([1, 1, 0, 6, 1]), tensor([3, 3, 2, 6, 1]), tensor([6, 1, 0, 6, 1])])
('sampled action: ', [1, 3, 2, 3, 2, 2, 0, 3, 2, 2])
('current state: ', [[5, 5, 0, 6, 1], [5, 5, 0, 6, 1], [5, 5, 0, 6, 1], [5, 5, 0, 6, 1], [5, 5, 0, 6, 1], [5, 5, 0, 6, 1], [5, 5, 3, 6, 1], [5, 5, 3, 6, 1], [5, 4, 3, 6, 1], [5, 3, 3, 6, 1]])
('sampled state: ', [tensor([5, 4, 3, 6, 1]), tensor([2, 2, 0, 6, 1]), tensor([2, 1, 3, 6, 1]), tensor([4, 3, 3, 6, 1]), tensor([1, 4, 0, 6, 1]), tensor([5, 2, 3, 6, 1]), tensor([2, 3, 0, 6, 1]), tensor([5, 4, 2, 6, 1]), tensor([5, 2, 0, 6, 1]), tensor([6, 1, 0, 6, 1])])
('sampled action: ', [3, 1, 1, 1, 2, 1, 3, 2, 1, 0])
('current state: ', [[5, 3, 3, 6, 1], [5, 3, 0, 6, 1], [5, 3, 1, 6, 1], [5, 3, 2, 6, 1], [4, 3, 2, 6, 1], [4, 3, 3, 6, 1], [4, 3, 3, 6, 1], [4, 2, 3, 6, 1], [4, 2, 0, 6, 1], [4, 2, 3, 6, 1]])
('sampled state: ', [tensor([3, 4, 3, 6, 1]), tensor([0, 1, 2, 6, 1]), tensor([2, 2, 2, 6, 1]), tensor([3, 1, 3, 6, 1]), tensor([4, 2, 0, 6, 1]), tensor([5, 2, 2, 6, 1]), tensor([5, 2, 3, 6, 1]), tensor([4, 1, 2, 6, 1]), tensor([4, 3, 1, 6, 1]), tensor([6, 1, 0, 6, 1])])
('sampled action: ', [0, 3, 1, 0, 3, 2, 1, 2, 2, 1])
('current state: ', [[4, 2, 2, 6, 1], [4, 2, 2, 6, 1], [4, 2, 3, 6, 1], [4, 2, 2, 6, 1], [4, 2, 2, 6, 1], [3, 2, 2, 6, 1], [3, 2, 3, 6, 1], [3, 1, 3, 6, 1], [3, 1, 3, 6, 1], [3, 1, 0, 6, 1]])
('sampled state: ', [tensor([1, 6, 0, 6, 1]), tensor([2, 3, 3, 6, 1]), tensor([4, 4, 3, 6, 1]), tensor([0, 4, 2, 6, 1]), tensor([4, 1, 1, 6, 1]), tensor([2, 3, 2, 6, 1]), tensor([5, 1, 0, 6, 1]), tensor([2, 1, 2, 6, 1]), tensor([2, 2, 3, 6, 1]), tensor([6, 1, 0, 6, 1])])
('sampled action: ', [3, 0, 0, 3, 3, 2, 0, 1, 0, 1])
('actions: ', [1, 3, 3, 0, 0, 0, 0, 0, 3, 3, 0, 1, 2, 2, 2, 3, 2, 1, 1, 1, 2, 2, 2, 1, 0, 2, 0, 1, 3, 0, 1, 3, 2, 3, 2, 2, 0, 3, 2, 2, 3, 1, 1, 1, 2, 1, 3, 2, 1, 0, 0, 3, 1, 0, 3, 2, 1, 2, 2, 1, 3, 0, 0, 3])
('current state: ', [[2, 3, 2, 2, 2], [2, 3, 2, 2, 2], [2, 3, 1, 2, 2], [2, 3, 1, 2, 2], [2, 4, 1, 2, 2], [2, 4, 0, 2, 2], [2, 4, 0, 2, 2], [2, 4, 1, 2, 2], [2, 5, 1, 2, 2], [2, 5, 1, 2, 2]])
('sampled state: ', [tensor([2, 2, 2, 2, 2]), tensor([2, 2, 2, 2, 2]), tensor([3, 1, 1, 2, 2]), tensor([3, 2, 0, 2, 2]), tensor([3, 3, 3, 2, 2]), tensor([5, 4, 1, 2, 2]), tensor([2, 6, 1, 2, 2]), tensor([2, 3, 3, 2, 2]), tensor([2, 2, 0, 2, 2]), tensor([2, 2, 0, 2, 2])])
('sampled action: ', [1, 2, 2, 3, 2, 2, 1, 0, 0, 1])
('current state: ', [[2, 5, 2, 2, 2], [2, 5, 2, 2, 2], [2, 5, 2, 2, 2], [2, 5, 2, 2, 2], [2, 5, 2, 2, 2], [2, 5, 2, 2, 2], [2, 5, 3, 2, 2], [2, 5, 2, 2, 2], [2, 5, 1, 2, 2], [2, 5, 2, 2, 2]])
('sampled state: ', [tensor([2, 2, 0, 2, 2]), tensor([0, 2, 3, 2, 2]), tensor([3, 1, 1, 2, 2]), tensor([2, 1, 2, 2, 2]), tensor([2, 3, 2, 2, 2]), tensor([4, 6, 2, 2, 2]), tensor([3, 1, 0, 2, 2]), tensor([2, 1, 2, 2, 2]), tensor([3, 1, 2, 2, 2]), tensor([2, 2, 0, 2, 2])])
('sampled action: ', [3, 1, 1, 0, 3, 0, 0, 0, 2, 2])
('current state: ', [[2, 5, 2, 2, 2], [2, 5, 3, 2, 2], [2, 5, 0, 2, 2], [2, 5, 3, 2, 2], [2, 5, 3, 2, 2], [2, 5, 2, 2, 2], [2, 5, 1, 2, 2], [2, 5, 0, 2, 2], [3, 5, 0, 2, 2], [4, 5, 0, 2, 2]])
('sampled state: ', [tensor([5, 2, 3, 2, 2]), tensor([2, 2, 0, 2, 2]), tensor([2, 1, 2, 2, 2]), tensor([0, 1, 1, 2, 2]), tensor([2, 2, 3, 2, 2]), tensor([1, 1, 0, 2, 2]), tensor([5, 2, 1, 2, 2]), tensor([4, 6, 1, 2, 2]), tensor([4, 2, 2, 2, 2]), tensor([2, 2, 0, 2, 2])])
('sampled action: ', [0, 0, 0, 3, 2, 3, 3, 0, 0, 0])
('current state: ', [[4, 5, 3, 2, 2], [4, 5, 2, 2, 2], [4, 5, 1, 2, 2], [4, 5, 1, 2, 2], [4, 6, 1, 2, 2], [4, 6, 1, 2, 2], [4, 6, 1, 2, 2], [4, 6, 0, 2, 2], [4, 6, 3, 2, 2], [4, 6, 2, 2, 2]])
('sampled state: ', [tensor([2, 4, 1, 2, 2]), tensor([5, 6, 1, 2, 2]), tensor([5, 3, 1, 2, 2]), tensor([2, 1, 2, 2, 2]), tensor([5, 3, 3, 2, 2]), tensor([5, 3, 1, 2, 2]), tensor([5, 1, 1, 2, 2]), tensor([3, 4, 3, 2, 2]), tensor([3, 4, 2, 2, 2]), tensor([2, 2, 0, 2, 2])])
('sampled action: ', [1, 2, 3, 1, 1, 3, 1, 1, 3, 3])
('current state: ', [[4, 6, 3, 2, 2], [4, 5, 3, 2, 2], [4, 5, 3, 2, 2], [4, 5, 0, 2, 2], [4, 5, 1, 2, 2], [4, 5, 1, 2, 2], [4, 5, 2, 2, 2], [4, 5, 3, 2, 2], [4, 5, 3, 2, 2], [4, 5, 3, 2, 2]])
('sampled state: ', [tensor([3, 4, 3, 2, 2]), tensor([3, 1, 1, 2, 2]), tensor([2, 3, 1, 2, 2]), tensor([3, 4, 3, 2, 2]), tensor([2, 1, 3, 2, 2]), tensor([2, 4, 3, 2, 2]), tensor([5, 3, 1, 2, 2]), tensor([4, 3, 2, 2, 2]), tensor([3, 2, 0, 2, 2]), tensor([2, 2, 0, 2, 2])])
('sampled action: ', [0, 0, 0, 2, 2, 0, 1, 1, 0, 0])
('current state: ', [[4, 5, 2, 2, 2], [4, 5, 1, 2, 2], [4, 5, 0, 2, 2], [5, 5, 0, 2, 2], [5, 5, 0, 2, 2], [5, 5, 3, 2, 2], [5, 5, 0, 2, 2], [5, 5, 1, 2, 2], [5, 5, 0, 2, 2], [5, 5, 3, 2, 2]])
('sampled state: ', [tensor([5, 3, 1, 2, 2]), tensor([2, 2, 1, 2, 2]), tensor([2, 1, 1, 2, 2]), tensor([2, 2, 2, 2, 2]), tensor([4, 4, 1, 2, 2]), tensor([5, 3, 0, 2, 2]), tensor([0, 4, 2, 2, 2]), tensor([3, 2, 3, 2, 2]), tensor([2, 3, 3, 2, 2]), tensor([2, 2, 0, 2, 2])])
('sampled action: ', [1, 3, 0, 0, 0, 0, 3, 0, 0, 2])
('actions: ', [2, 3, 0, 3, 2, 0, 3, 1, 2, 3, 1, 2, 2, 3, 2, 2, 1, 0, 0, 1, 3, 1, 1, 0, 3, 0, 0, 0, 2, 2, 0, 0, 0, 3, 2, 3, 3, 0, 0, 0, 1, 2, 3, 1, 1, 3, 1, 1, 3, 3, 0, 0, 0, 2, 2, 0, 1, 1, 0, 0, 1, 3, 0, 0])
('current state: ', [[4, 2, 2, 5, 2], [3, 2, 2, 5, 2], [3, 2, 1, 5, 2], [3, 2, 2, 5, 2], [3, 2, 1, 5, 2], [3, 2, 1, 5, 2], [3, 2, 2, 5, 2], [3, 2, 1, 5, 2], [3, 2, 0, 5, 2], [3, 2, 3, 5, 2]])
('sampled state: ', [tensor([5, 6, 2, 5, 2]), tensor([1, 4, 3, 5, 2]), tensor([5, 6, 1, 5, 2]), tensor([2, 1, 3, 5, 2]), tensor([2, 4, 2, 5, 2]), tensor([4, 6, 3, 5, 2]), tensor([4, 6, 2, 5, 2]), tensor([3, 4, 2, 5, 2]), tensor([2, 6, 0, 5, 2]), tensor([5, 2, 0, 5, 2])])
('sampled action: ', [2, 0, 3, 1, 2, 0, 0, 3, 2, 0])
('current state: ', [[3, 1, 3, 5, 2], [3, 1, 2, 5, 2], [3, 1, 2, 5, 2], [3, 1, 3, 5, 2], [3, 1, 3, 5, 2], [3, 1, 2, 5, 2], [3, 1, 1, 5, 2], [3, 1, 1, 5, 2], [3, 2, 1, 5, 2], [3, 2, 0, 5, 2]])
('sampled state: ', [tensor([5, 3, 1, 5, 2]), tensor([3, 3, 2, 5, 2]), tensor([5, 1, 1, 5, 2]), tensor([3, 4, 1, 5, 2]), tensor([0, 4, 2, 5, 2]), tensor([3, 4, 3, 5, 2]), tensor([2, 1, 3, 5, 2]), tensor([4, 3, 0, 5, 2]), tensor([3, 2, 1, 5, 2]), tensor([5, 2, 0, 5, 2])])
('sampled action: ', [1, 0, 1, 1, 3, 3, 0, 1, 2, 2])
('current state: ', [[3, 2, 1, 5, 2], [3, 2, 0, 5, 2], [3, 2, 1, 5, 2], [3, 2, 2, 5, 2], [3, 2, 2, 5, 2], [3, 2, 2, 5, 2], [3, 2, 1, 5, 2], [3, 2, 2, 5, 2], [2, 2, 2, 5, 2], [2, 2, 2, 5, 2]])
('sampled state: ', [tensor([3, 2, 1, 5, 2]), tensor([2, 4, 2, 5, 2]), tensor([5, 4, 0, 5, 2]), tensor([3, 1, 0, 5, 2]), tensor([5, 2, 3, 5, 2]), tensor([5, 4, 3, 5, 2]), tensor([3, 4, 0, 5, 2]), tensor([4, 3, 1, 5, 2]), tensor([5, 1, 3, 5, 2]), tensor([5, 2, 0, 5, 2])])
('sampled action: ', [2, 1, 1, 3, 2, 1, 2, 0, 0, 3])
('current state: ', [[2, 2, 2, 5, 2], [2, 2, 3, 5, 2], [2, 2, 0, 5, 2], [2, 2, 0, 5, 2], [3, 2, 0, 5, 2], [3, 2, 1, 5, 2], [3, 3, 1, 5, 2], [3, 3, 0, 5, 2], [3, 3, 3, 5, 2], [3, 3, 3, 5, 2]])
('sampled state: ', [tensor([3, 3, 3, 5, 2]), tensor([3, 3, 1, 5, 2]), tensor([3, 2, 1, 5, 2]), tensor([2, 4, 3, 5, 2]), tensor([2, 3, 3, 5, 2]), tensor([4, 3, 2, 5, 2]), tensor([2, 1, 1, 5, 2]), tensor([2, 4, 1, 5, 2]), tensor([3, 3, 2, 5, 2]), tensor([5, 2, 0, 5, 2])])
('sampled action: ', [1, 1, 2, 2, 3, 0, 1, 1, 2, 2])
('current state: ', [[3, 3, 0, 5, 2], [3, 3, 1, 5, 2], [3, 4, 1, 5, 2], [3, 5, 1, 5, 2], [3, 5, 1, 5, 2], [3, 5, 0, 5, 2], [3, 5, 1, 5, 2], [3, 5, 2, 5, 2], [3, 5, 2, 5, 2], [3, 5, 2, 5, 2]])
('sampled state: ', [tensor([5, 1, 1, 5, 2]), tensor([5, 2, 2, 5, 2]), tensor([4, 6, 2, 5, 2]), tensor([2, 4, 1, 5, 2]), tensor([2, 1, 1, 5, 2]), tensor([4, 2, 1, 5, 2]), tensor([3, 6, 1, 5, 2]), tensor([3, 3, 1, 5, 2]), tensor([5, 1, 3, 5, 2]), tensor([5, 2, 0, 5, 2])])
('sampled action: ', [3, 0, 1, 3, 3, 1, 3, 1, 2, 2])
('current state: ', [[3, 5, 2, 5, 2], [3, 5, 1, 5, 2], [3, 5, 2, 5, 2], [3, 5, 2, 5, 2], [3, 5, 2, 5, 2], [3, 5, 3, 5, 2], [3, 5, 3, 5, 2], [3, 5, 0, 5, 2], [4, 5, 0, 5, 2], [4, 5, 0, 5, 2]])
('sampled state: ', [tensor([2, 6, 1, 5, 2]), tensor([5, 4, 3, 5, 2]), tensor([4, 3, 3, 5, 2]), tensor([4, 6, 0, 5, 2]), tensor([5, 2, 0, 5, 2]), tensor([5, 4, 1, 5, 2]), tensor([5, 1, 2, 5, 2]), tensor([2, 6, 1, 5, 2]), tensor([5, 3, 0, 5, 2]), tensor([5, 2, 0, 5, 2])])
('sampled action: ', [3, 1, 0, 2, 3, 0, 1, 0, 3, 1])
('actions: ', [1, 2, 0, 1, 0, 3, 1, 0, 0, 0, 2, 0, 3, 1, 2, 0, 0, 3, 2, 0, 1, 0, 1, 1, 3, 3, 0, 1, 2, 2, 2, 1, 1, 3, 2, 1, 2, 0, 0, 3, 1, 1, 2, 2, 3, 0, 1, 1, 2, 2, 3, 0, 1, 3, 3, 1, 3, 1, 2, 2, 3, 1, 0, 2])
('current state: ', [[2, 6, 2, 6, 3], [2, 6, 1, 6, 3], [2, 6, 1, 6, 3], [2, 6, 1, 6, 3], [2, 6, 1, 6, 3], [2, 6, 1, 6, 3], [2, 6, 2, 6, 3], [2, 6, 3, 6, 3], [2, 6, 3, 6, 3], [2, 6, 3, 6, 3]])
('sampled state: ', [tensor([4, 1, 1, 6, 3]), tensor([4, 2, 3, 6, 3]), tensor([5, 1, 1, 6, 3]), tensor([3, 6, 2, 6, 3]), tensor([3, 2, 1, 6, 3]), tensor([3, 4, 1, 6, 3]), tensor([4, 6, 1, 6, 3]), tensor([4, 1, 3, 6, 3]), tensor([2, 1, 1, 6, 3]), tensor([6, 3, 0, 6, 3])])
('sampled action: ', [0, 0, 3, 3, 2, 2, 0, 1, 2, 3])
('current state: ', [[2, 6, 2, 6, 3], [2, 6, 1, 6, 3], [2, 6, 1, 6, 3], [2, 6, 1, 6, 3], [2, 6, 1, 6, 3], [2, 6, 1, 6, 3], [2, 6, 0, 6, 3], [2, 6, 1, 6, 3], [2, 6, 1, 6, 3], [2, 6, 1, 6, 3]])
('sampled state: ', [tensor([3, 1, 2, 6, 3]), tensor([3, 3, 0, 6, 3]), tensor([5, 2, 3, 6, 3]), tensor([4, 4, 0, 6, 3]), tensor([4, 4, 1, 6, 3]), tensor([3, 3, 1, 6, 3]), tensor([4, 2, 0, 6, 3]), tensor([3, 4, 2, 6, 3]), tensor([2, 3, 1, 6, 3]), tensor([6, 3, 0, 6, 3])])
('sampled action: ', [3, 0, 3, 3, 1, 2, 0, 2, 0, 3])
('current state: ', [[2, 6, 1, 6, 3], [2, 6, 0, 6, 3], [2, 6, 0, 6, 3], [2, 6, 0, 6, 3], [2, 6, 1, 6, 3], [2, 6, 1, 6, 3], [2, 6, 0, 6, 3], [3, 6, 0, 6, 3], [3, 6, 3, 6, 3], [3, 6, 3, 6, 3]])
('sampled state: ', [tensor([3, 1, 1, 6, 3]), tensor([5, 3, 2, 6, 3]), tensor([5, 6, 2, 6, 3]), tensor([5, 3, 1, 6, 3]), tensor([5, 1, 1, 6, 3]), tensor([0, 6, 3, 6, 3]), tensor([5, 2, 2, 6, 3]), tensor([0, 6, 2, 6, 3]), tensor([5, 6, 0, 6, 3]), tensor([6, 3, 0, 6, 3])])
('sampled action: ', [2, 3, 1, 2, 3, 3, 3, 0, 0, 3])
('current state: ', [[3, 5, 3, 6, 3], [3, 5, 3, 6, 3], [3, 5, 0, 6, 3], [4, 5, 0, 6, 3], [4, 5, 0, 6, 3], [4, 5, 0, 6, 3], [4, 5, 0, 6, 3], [4, 5, 3, 6, 3], [4, 5, 2, 6, 3], [4, 5, 2, 6, 3]])
('sampled state: ', [tensor([3, 2, 1, 6, 3]), tensor([4, 1, 1, 6, 3]), tensor([4, 3, 2, 6, 3]), tensor([5, 3, 3, 6, 3]), tensor([4, 1, 3, 6, 3]), tensor([2, 4, 3, 6, 3]), tensor([2, 6, 1, 6, 3]), tensor([4, 4, 0, 6, 3]), tensor([4, 2, 3, 6, 3]), tensor([6, 3, 0, 6, 3])])
('sampled action: ', [3, 2, 3, 3, 3, 0, 1, 1, 0, 0])
('current state: ', [[4, 5, 2, 6, 3], [3, 5, 2, 6, 3], [3, 5, 2, 6, 3], [3, 5, 2, 6, 3], [3, 5, 2, 6, 3], [3, 5, 1, 6, 3], [3, 5, 2, 6, 3], [3, 5, 3, 6, 3], [3, 5, 2, 6, 3], [3, 5, 1, 6, 3]])
('sampled state: ', [tensor([2, 4, 1, 6, 3]), tensor([4, 1, 1, 6, 3]), tensor([5, 4, 3, 6, 3]), tensor([5, 4, 2, 6, 3]), tensor([0, 6, 1, 6, 3]), tensor([3, 4, 3, 6, 3]), tensor([5, 6, 1, 6, 3]), tensor([2, 4, 3, 6, 3]), tensor([3, 3, 3, 6, 3]), tensor([6, 3, 0, 6, 3])])
('sampled action: ', [1, 0, 0, 0, 3, 0, 0, 2, 1, 0])
('current state: ', [[3, 5, 2, 6, 3], [3, 5, 1, 6, 3], [3, 5, 0, 6, 3], [3, 5, 3, 6, 3], [3, 5, 3, 6, 3], [3, 5, 2, 6, 3], [3, 5, 1, 6, 3], [3, 6, 1, 6, 3], [3, 6, 2, 6, 3], [3, 6, 1, 6, 3]])
('sampled state: ', [tensor([5, 6, 1, 6, 3]), tensor([2, 2, 2, 6, 3]), tensor([3, 1, 0, 6, 3]), tensor([5, 4, 1, 6, 3]), tensor([3, 2, 0, 6, 3]), tensor([4, 1, 2, 6, 3]), tensor([3, 4, 2, 6, 3]), tensor([5, 4, 2, 6, 3]), tensor([5, 4, 0, 6, 3]), tensor([6, 3, 0, 6, 3])])
('sampled action: ', [2, 2, 2, 1, 1, 0, 1, 3, 1, 3])
('actions: ', [1, 0, 2, 2, 3, 2, 1, 1, 2, 2, 0, 0, 3, 3, 2, 2, 0, 1, 2, 3, 3, 0, 3, 3, 1, 2, 0, 2, 0, 3, 2, 3, 1, 2, 3, 3, 3, 0, 0, 3, 3, 2, 3, 3, 3, 0, 1, 1, 0, 0, 1, 0, 0, 0, 3, 0, 0, 2, 1, 0, 2, 2, 2, 1])
success_rate: 0.2, eval_return 0.126875
Test it 3000
('current state: ', [[4, 1, 2, 6, 1], [4, 1, 1, 6, 1], [4, 1, 2, 6, 1], [4, 1, 1, 6, 1], [4, 1, 2, 6, 1], [4, 1, 2, 6, 1], [3, 1, 2, 6, 1], [3, 1, 2, 6, 1], [3, 1, 2, 6, 1], [3, 1, 3, 6, 1]])
('sampled state: ', [tensor([5, 6, 1, 6, 1]), tensor([5, 6, 0, 6, 1]), tensor([5, 6, 1, 6, 1]), tensor([5, 6, 1, 6, 1]), tensor([5, 6, 0, 6, 1]), tensor([5, 6, 0, 6, 1]), tensor([5, 6, 2, 6, 1]), tensor([5, 6, 2, 6, 1]), tensor([5, 6, 2, 6, 1]), tensor([6, 1, 0, 6, 1])])
('sampled action: ', [2, 0, 3, 1, 2, 0, 1, 0, 3, 1])
('current state: ', [[3, 1, 3, 6, 1], [3, 1, 2, 6, 1], [3, 1, 2, 6, 1], [3, 1, 3, 6, 1], [3, 1, 3, 6, 1], [3, 1, 2, 6, 1], [3, 1, 3, 6, 1], [3, 1, 2, 6, 1], [3, 1, 2, 6, 1], [3, 1, 3, 6, 1]])
('sampled state: ', [tensor([5, 6, 1, 6, 1]), tensor([5, 6, 2, 6, 1]), tensor([5, 6, 0, 6, 1]), tensor([5, 6, 0, 6, 1]), tensor([5, 6, 1, 6, 1]), tensor([5, 6, 0, 6, 1]), tensor([5, 6, 1, 6, 1]), tensor([5, 6, 2, 6, 1]), tensor([5, 6, 2, 6, 1]), tensor([6, 1, 0, 6, 1])])
('sampled action: ', [0, 3, 2, 2, 2, 1, 3, 3, 1, 0])
('current state: ', [[3, 1, 2, 6, 1], [3, 1, 2, 6, 1], [2, 1, 2, 6, 1], [2, 1, 2, 6, 1], [2, 1, 2, 6, 1], [2, 1, 3, 6, 1], [2, 1, 3, 6, 1], [2, 1, 3, 6, 1], [2, 1, 0, 6, 1], [2, 1, 3, 6, 1]])
('sampled state: ', [tensor([5, 6, 1, 6, 1]), tensor([5, 6, 3, 6, 1]), tensor([5, 6, 2, 6, 1]), tensor([5, 6, 0, 6, 1]), tensor([5, 6, 0, 6, 1]), tensor([5, 6, 1, 6, 1]), tensor([5, 6, 2, 6, 1]), tensor([5, 1, 3, 6, 1]), tensor([5, 1, 2, 6, 1]), tensor([6, 1, 0, 6, 1])])
('sampled action: ', [1, 3, 3, 3, 1, 1, 3, 3, 1, 0])
('current state: ', [[2, 1, 0, 6, 1], [2, 1, 0, 6, 1], [2, 1, 0, 6, 1], [2, 1, 0, 6, 1], [2, 1, 1, 6, 1], [2, 1, 2, 6, 1], [2, 1, 2, 6, 1], [2, 1, 2, 6, 1], [2, 1, 3, 6, 1], [2, 1, 2, 6, 1]])
('sampled state: ', [tensor([5, 6, 2, 6, 1]), tensor([5, 6, 1, 6, 1]), tensor([5, 6, 1, 6, 1]), tensor([5, 6, 0, 6, 1]), tensor([5, 6, 0, 6, 1]), tensor([5, 1, 0, 6, 1]), tensor([5, 1, 3, 6, 1]), tensor([5, 1, 0, 6, 1]), tensor([5, 1, 1, 6, 1]), tensor([6, 1, 0, 6, 1])])
('sampled action: ', [1, 2, 2, 1, 0, 2, 0, 1, 1, 3])
('current state: ', [[2, 1, 3, 6, 1], [2, 1, 3, 6, 1], [2, 1, 3, 6, 1], [2, 1, 0, 6, 1], [2, 1, 3, 6, 1], [2, 1, 3, 6, 1], [2, 1, 2, 6, 1], [2, 1, 3, 6, 1], [2, 1, 0, 6, 1], [2, 1, 0, 6, 1]])
('sampled state: ', [tensor([5, 6, 3, 6, 1]), tensor([5, 1, 1, 6, 1]), tensor([5, 1, 2, 6, 1]), tensor([5, 1, 1, 6, 1]), tensor([5, 6, 1, 6, 1]), tensor([5, 1, 0, 6, 1]), tensor([5, 1, 1, 6, 1]), tensor([5, 1, 3, 6, 1]), tensor([5, 1, 0, 6, 1]), tensor([6, 1, 0, 6, 1])])
('sampled action: ', [0, 0, 1, 1, 0, 1, 2, 3, 1, 2])
('current state: ', [[2, 1, 3, 6, 1], [2, 1, 2, 6, 1], [2, 1, 3, 6, 1], [2, 1, 0, 6, 1], [2, 1, 3, 6, 1], [2, 1, 0, 6, 1], [3, 1, 0, 6, 1], [3, 1, 0, 6, 1], [3, 1, 1, 6, 1], [3, 2, 1, 6, 1]])
('sampled state: ', [tensor([5, 6, 2, 6, 1]), tensor([5, 6, 1, 6, 1]), tensor([5, 6, 0, 6, 1]), tensor([5, 6, 1, 6, 1]), tensor([5, 6, 0, 6, 1]), tensor([5, 6, 1, 6, 1]), tensor([5, 6, 3, 6, 1]), tensor([5, 6, 0, 6, 1]), tensor([5, 6, 3, 6, 1]), tensor([6, 1, 0, 6, 1])])
('sampled action: ', [3, 2, 0, 2, 0, 1, 0, 0, 0, 1])
('actions: ', [2, 0, 1, 0, 1, 3, 2, 3, 3, 1, 2, 0, 3, 1, 2, 0, 1, 0, 3, 1, 0, 3, 2, 2, 2, 1, 3, 3, 1, 0, 1, 3, 3, 3, 1, 1, 3, 3, 1, 0, 1, 2, 2, 1, 0, 2, 0, 1, 1, 3, 0, 0, 1, 1, 0, 1, 2, 3, 1, 2, 3, 2, 0, 2])
('current state: ', [[1, 5, 1, 5, 3], [1, 5, 1, 5, 3], [1, 5, 1, 5, 3], [1, 6, 1, 5, 3], [1, 6, 1, 5, 3], [1, 6, 0, 5, 3], [2, 6, 0, 5, 3], [2, 6, 0, 5, 3], [2, 6, 0, 5, 3], [2, 6, 3, 5, 3]])
('sampled state: ', [tensor([1, 4, 2, 5, 3]), tensor([1, 4, 2, 5, 3]), tensor([1, 4, 3, 5, 3]), tensor([1, 4, 0, 5, 3]), tensor([1, 4, 3, 5, 3]), tensor([1, 4, 2, 5, 3]), tensor([1, 4, 3, 5, 3]), tensor([1, 4, 0, 5, 3]), tensor([1, 4, 3, 5, 3]), tensor([5, 3, 0, 5, 3])])
('sampled action: ', [2, 0, 1, 3, 3, 0, 1, 2, 3, 1])
('current state: ', [[2, 6, 3, 5, 3], [2, 6, 2, 5, 3], [2, 6, 3, 5, 3], [2, 6, 3, 5, 3], [2, 6, 3, 5, 3], [2, 6, 2, 5, 3], [2, 6, 3, 5, 3], [2, 6, 3, 5, 3], [2, 6, 3, 5, 3], [2, 6, 0, 5, 3]])
('sampled state: ', [tensor([1, 4, 3, 5, 3]), tensor([1, 4, 0, 5, 3]), tensor([1, 4, 0, 5, 3]), tensor([1, 4, 0, 5, 3]), tensor([1, 4, 2, 5, 3]), tensor([1, 4, 1, 5, 3]), tensor([1, 4, 1, 5, 3]), tensor([1, 4, 0, 5, 3]), tensor([1, 4, 1, 5, 3]), tensor([5, 3, 0, 5, 3])])
('sampled action: ', [2, 1, 2, 3, 1, 3, 1, 3, 2, 2])
('current state: ', [[3, 6, 0, 5, 3], [3, 6, 1, 5, 3], [3, 6, 1, 5, 3], [3, 6, 1, 5, 3], [3, 6, 2, 5, 3], [3, 6, 2, 5, 3], [3, 6, 3, 5, 3], [3, 6, 3, 5, 3], [3, 5, 3, 5, 3], [3, 4, 3, 5, 3]])
('sampled state: ', [tensor([1, 4, 2, 5, 3]), tensor([1, 4, 2, 5, 3]), tensor([1, 4, 0, 5, 3]), tensor([1, 4, 1, 5, 3]), tensor([1, 4, 0, 5, 3]), tensor([1, 4, 3, 5, 3]), tensor([1, 4, 3, 5, 3]), tensor([1, 4, 2, 5, 3]), tensor([1, 4, 2, 5, 3]), tensor([5, 3, 0, 5, 3])])
('sampled action: ', [1, 0, 2, 1, 1, 1, 0, 1, 0, 2])
('current state: ', [[3, 4, 0, 5, 3], [3, 4, 3, 5, 3], [3, 3, 3, 5, 3], [3, 3, 0, 5, 3], [3, 3, 1, 5, 3], [3, 3, 2, 5, 3], [3, 3, 1, 5, 3], [3, 3, 2, 5, 3], [3, 3, 1, 5, 3], [3, 4, 1, 5, 3]])
('sampled state: ', [tensor([1, 4, 0, 5, 3]), tensor([1, 4, 1, 5, 3]), tensor([1, 4, 2, 5, 3]), tensor([1, 4, 1, 5, 3]), tensor([1, 4, 3, 5, 3]), tensor([1, 4, 2, 5, 3]), tensor([1, 4, 0, 5, 3]), tensor([1, 4, 2, 5, 3]), tensor([1, 4, 1, 5, 3]), tensor([5, 3, 0, 5, 3])])
('sampled action: ', [1, 2, 2, 1, 0, 1, 0, 0, 0, 2])
('current state: ', [[3, 4, 2, 5, 3], [2, 4, 2, 5, 3], [1, 4, 2, 5, 3], [1, 4, 3, 5, 3], [1, 4, 2, 5, 3], [1, 4, 3, 5, 3], [1, 4, 2, 5, 3], [1, 4, 1, 5, 3], [1, 4, 0, 5, 3], [2, 4, 0, 5, 3]])
('sampled state: ', [tensor([1, 4, 3, 5, 3]), tensor([1, 4, 1, 5, 3]), tensor([1, 4, 3, 5, 3]), tensor([1, 4, 3, 5, 3]), tensor([1, 4, 2, 5, 3]), tensor([1, 4, 1, 5, 3]), tensor([1, 4, 2, 5, 3]), tensor([1, 4, 2, 5, 3]), tensor([1, 4, 1, 5, 3]), tensor([5, 3, 0, 5, 3])])
('sampled action: ', [3, 3, 2, 0, 0, 1, 3, 3, 3, 0])
('current state: ', [[2, 4, 0, 5, 3], [2, 4, 0, 5, 3], [3, 4, 0, 5, 3], [3, 4, 3, 5, 3], [3, 4, 2, 5, 3], [3, 4, 3, 5, 3], [3, 4, 3, 5, 3], [3, 4, 3, 5, 3], [3, 4, 3, 5, 3], [3, 4, 2, 5, 3]])
('sampled state: ', [tensor([1, 4, 3, 5, 3]), tensor([1, 4, 0, 5, 3]), tensor([1, 4, 0, 5, 3]), tensor([1, 4, 0, 5, 3]), tensor([1, 4, 0, 5, 3]), tensor([1, 4, 3, 5, 3]), tensor([1, 4, 2, 5, 3]), tensor([1, 4, 3, 5, 3]), tensor([1, 4, 0, 5, 3]), tensor([5, 3, 0, 5, 3])])
('sampled action: ', [3, 2, 1, 0, 3, 1, 0, 2, 0, 0])
('actions: ', [2, 2, 3, 2, 3, 0, 2, 3, 3, 0, 2, 0, 1, 3, 3, 0, 1, 2, 3, 1, 2, 1, 2, 3, 1, 3, 1, 3, 2, 2, 1, 0, 2, 1, 1, 1, 0, 1, 0, 2, 1, 2, 2, 1, 0, 1, 0, 0, 0, 2, 3, 3, 2, 0, 0, 1, 3, 3, 3, 0, 3, 2, 1, 0])
('current state: ', [[1, 4, 3, 3, 3], [1, 4, 3, 3, 3], [1, 4, 2, 3, 3], [1, 4, 3, 3, 3], [1, 4, 2, 3, 3], [1, 4, 2, 3, 3], [1, 4, 2, 3, 3], [1, 4, 2, 3, 3], [1, 4, 2, 3, 3], [1, 4, 3, 3, 3]])
('sampled state: ', [tensor([1, 4, 2, 3, 3]), tensor([1, 4, 3, 3, 3]), tensor([1, 4, 1, 3, 3]), tensor([1, 4, 2, 3, 3]), tensor([1, 4, 0, 3, 3]), tensor([1, 4, 3, 3, 3]), tensor([1, 4, 3, 3, 3]), tensor([1, 4, 3, 3, 3]), tensor([1, 4, 0, 3, 3]), tensor([3, 3, 0, 3, 3])])
('sampled action: ', [0, 1, 3, 2, 0, 3, 2, 3, 0, 1])
('current state: ', [[1, 4, 2, 3, 3], [1, 4, 3, 3, 3], [1, 4, 3, 3, 3], [1, 3, 3, 3, 3], [1, 3, 2, 3, 3], [1, 3, 2, 3, 3], [1, 3, 2, 3, 3], [1, 3, 2, 3, 3], [1, 3, 1, 3, 3], [1, 3, 2, 3, 3]])
('sampled state: ', [tensor([1, 4, 3, 3, 3]), tensor([1, 4, 2, 3, 3]), tensor([1, 4, 1, 3, 3]), tensor([1, 4, 1, 3, 3]), tensor([1, 4, 0, 3, 3]), tensor([1, 4, 0, 3, 3]), tensor([1, 4, 3, 3, 3]), tensor([1, 4, 0, 3, 3]), tensor([1, 4, 2, 3, 3]), tensor([3, 3, 0, 3, 3])])
('sampled action: ', [1, 0, 0, 3, 3, 1, 0, 0, 1, 3])
('current state: ', [[1, 3, 3, 3, 3], [1, 3, 2, 3, 3], [1, 3, 1, 3, 3], [1, 3, 1, 3, 3], [1, 3, 1, 3, 3], [1, 3, 2, 3, 3], [1, 3, 1, 3, 3], [1, 3, 0, 3, 3], [1, 3, 1, 3, 3], [1, 3, 1, 3, 3]])
('sampled state: ', [tensor([1, 4, 3, 3, 3]), tensor([1, 4, 0, 3, 3]), tensor([1, 4, 2, 3, 3]), tensor([1, 4, 0, 3, 3]), tensor([1, 4, 0, 3, 3]), tensor([1, 4, 3, 3, 3]), tensor([1, 4, 2, 3, 3]), tensor([1, 4, 0, 3, 3]), tensor([1, 4, 2, 3, 3]), tensor([3, 3, 0, 3, 3])])
('sampled action: ', [1, 1, 2, 0, 1, 0, 1, 0, 1, 2])
('current state: ', [[1, 3, 2, 3, 3], [1, 3, 3, 3, 3], [1, 3, 3, 3, 3], [1, 3, 2, 3, 3], [1, 3, 3, 3, 3], [1, 3, 2, 3, 3], [1, 3, 3, 3, 3], [1, 3, 2, 3, 3], [1, 3, 3, 3, 3], [1, 3, 3, 3, 3]])
('sampled state: ', [tensor([1, 4, 0, 3, 3]), tensor([1, 4, 3, 3, 3]), tensor([1, 4, 3, 3, 3]), tensor([1, 4, 1, 3, 3]), tensor([1, 4, 2, 3, 3]), tensor([1, 4, 3, 3, 3]), tensor([1, 5, 1, 3, 3]), tensor([1, 4, 0, 3, 3]), tensor([1, 4, 1, 3, 3]), tensor([3, 3, 0, 3, 3])])
('sampled action: ', [0, 0, 0, 1, 2, 3, 3, 3, 3, 0])
('current state: ', [[1, 3, 2, 3, 3], [1, 3, 1, 3, 3], [1, 3, 0, 3, 3], [1, 3, 1, 3, 3], [1, 4, 1, 3, 3], [1, 4, 1, 3, 3], [1, 4, 1, 3, 3], [1, 4, 1, 3, 3], [1, 4, 1, 3, 3], [1, 4, 0, 3, 3]])
('sampled state: ', [tensor([1, 4, 2, 3, 3]), tensor([1, 4, 0, 3, 3]), tensor([1, 4, 0, 3, 3]), tensor([1, 4, 0, 3, 3]), tensor([1, 4, 0, 3, 3]), tensor([1, 4, 0, 3, 3]), tensor([1, 4, 2, 3, 3]), tensor([1, 4, 3, 3, 3]), tensor([1, 4, 1, 3, 3]), tensor([3, 3, 0, 3, 3])])
('sampled action: ', [1, 0, 0, 1, 2, 2, 0, 2, 3, 1])
('current state: ', [[1, 4, 1, 3, 3], [1, 4, 0, 3, 3], [1, 4, 3, 3, 3], [1, 4, 0, 3, 3], [1, 4, 0, 3, 3], [1, 4, 0, 3, 3], [1, 4, 3, 3, 3], [1, 3, 3, 3, 3], [1, 3, 3, 3, 3], [1, 3, 0, 3, 3]])
('sampled state: ', [tensor([1, 4, 1, 3, 3]), tensor([1, 4, 0, 3, 3]), tensor([1, 4, 3, 3, 3]), tensor([1, 4, 3, 3, 3]), tensor([1, 4, 3, 3, 3]), tensor([1, 4, 2, 3, 3]), tensor([1, 4, 2, 3, 3]), tensor([1, 4, 2, 3, 3]), tensor([1, 4, 0, 3, 3]), tensor([3, 3, 0, 3, 3])])
('sampled action: ', [2, 3, 2, 0, 3, 0, 3, 2, 1, 1])
('actions: ', [1, 3, 0, 1, 0, 3, 2, 3, 3, 1, 0, 1, 3, 2, 0, 3, 2, 3, 0, 1, 1, 0, 0, 3, 3, 1, 0, 0, 1, 3, 1, 1, 2, 0, 1, 0, 1, 0, 1, 2, 0, 0, 0, 1, 2, 3, 3, 3, 3, 0, 1, 0, 0, 1, 2, 2, 0, 2, 3, 1, 2, 3, 2, 0])
('current state: ', [[2, 6, 0, 4, 1], [2, 6, 3, 4, 1], [2, 6, 2, 4, 1], [2, 6, 2, 4, 1], [2, 6, 2, 4, 1], [2, 6, 2, 4, 1], [2, 6, 3, 4, 1], [2, 6, 2, 4, 1], [1, 6, 2, 4, 1], [1, 6, 2, 4, 1]])
('sampled state: ', [tensor([2, 6, 0, 4, 1]), tensor([2, 6, 0, 4, 1]), tensor([2, 5, 1, 4, 1]), tensor([2, 6, 2, 4, 1]), tensor([2, 6, 2, 4, 1]), tensor([2, 6, 0, 4, 1]), tensor([2, 6, 2, 4, 1]), tensor([2, 6, 2, 4, 1]), tensor([2, 6, 0, 4, 1]), tensor([4, 1, 0, 4, 1])])
('sampled action: ', [2, 2, 2, 1, 1, 3, 0, 0, 0, 3])
('current state: ', [[1, 6, 2, 4, 1], [1, 6, 2, 4, 1], [1, 6, 2, 4, 1], [1, 6, 3, 4, 1], [1, 6, 0, 4, 1], [1, 6, 0, 4, 1], [1, 6, 3, 4, 1], [1, 6, 2, 4, 1], [1, 6, 1, 4, 1], [1, 6, 1, 4, 1]])
('sampled state: ', [tensor([2, 6, 1, 4, 1]), tensor([2, 6, 2, 4, 1]), tensor([2, 6, 1, 4, 1]), tensor([2, 6, 3, 4, 1]), tensor([2, 6, 3, 4, 1]), tensor([2, 6, 2, 4, 1]), tensor([2, 6, 1, 4, 1]), tensor([2, 6, 1, 4, 1]), tensor([2, 6, 2, 4, 1]), tensor([4, 1, 0, 4, 1])])
('sampled action: ', [1, 0, 1, 1, 1, 1, 3, 3, 1, 1])
('current state: ', [[1, 6, 2, 4, 1], [1, 6, 1, 4, 1], [1, 6, 2, 4, 1], [1, 6, 3, 4, 1], [1, 6, 0, 4, 1], [1, 6, 1, 4, 1], [1, 6, 1, 4, 1], [1, 6, 1, 4, 1], [1, 6, 2, 4, 1], [1, 6, 3, 4, 1]])
('sampled state: ', [tensor([2, 6, 1, 4, 1]), tensor([2, 6, 1, 4, 1]), tensor([2, 6, 1, 4, 1]), tensor([2, 6, 1, 4, 1]), tensor([2, 6, 3, 4, 1]), tensor([2, 6, 0, 4, 1]), tensor([2, 6, 3, 4, 1]), tensor([2, 6, 2, 4, 1]), tensor([2, 6, 1, 4, 1]), tensor([4, 1, 0, 4, 1])])
('sampled action: ', [0, 0, 1, 1, 2, 1, 0, 1, 2, 2])
('current state: ', [[1, 6, 2, 4, 1], [1, 6, 1, 4, 1], [1, 6, 2, 4, 1], [1, 6, 3, 4, 1], [1, 6, 3, 4, 1], [1, 6, 0, 4, 1], [1, 6, 3, 4, 1], [1, 6, 0, 4, 1], [2, 6, 0, 4, 1], [3, 6, 0, 4, 1]])
('sampled state: ', [tensor([2, 6, 2, 4, 1]), tensor([2, 6, 1, 4, 1]), tensor([2, 6, 0, 4, 1]), tensor([2, 6, 0, 4, 1]), tensor([2, 6, 2, 4, 1]), tensor([2, 6, 1, 4, 1]), tensor([2, 6, 1, 4, 1]), tensor([2, 6, 2, 4, 1]), tensor([2, 6, 0, 4, 1]), tensor([4, 1, 0, 4, 1])])
('sampled action: ', [3, 1, 0, 0, 3, 3, 2, 0, 0, 0])
('current state: ', [[3, 6, 0, 4, 1], [3, 6, 1, 4, 1], [3, 6, 0, 4, 1], [3, 6, 3, 4, 1], [3, 6, 3, 4, 1], [3, 6, 3, 4, 1], [3, 5, 3, 4, 1], [3, 5, 2, 4, 1], [3, 5, 1, 4, 1], [3, 5, 0, 4, 1]])
('sampled state: ', [tensor([2, 6, 3, 4, 1]), tensor([2, 6, 0, 4, 1]), tensor([2, 6, 2, 4, 1]), tensor([2, 6, 1, 4, 1]), tensor([2, 6, 2, 4, 1]), tensor([2, 6, 3, 4, 1]), tensor([2, 6, 1, 4, 1]), tensor([2, 6, 1, 4, 1]), tensor([2, 6, 0, 4, 1]), tensor([4, 1, 0, 4, 1])])
('sampled action: ', [2, 3, 3, 2, 0, 2, 0, 0, 2, 1])
('current state: ', [[4, 5, 0, 4, 1], [4, 5, 0, 4, 1], [4, 5, 0, 4, 1], [5, 5, 0, 4, 1], [5, 5, 3, 4, 1], [5, 4, 3, 4, 1], [5, 4, 2, 4, 1], [5, 4, 1, 4, 1], [5, 5, 1, 4, 1], [5, 5, 2, 4, 1]])
('sampled state: ', [tensor([2, 6, 1, 4, 1]), tensor([2, 6, 0, 4, 1]), tensor([2, 6, 2, 4, 1]), tensor([2, 6, 2, 4, 1]), tensor([2, 6, 2, 4, 1]), tensor([2, 6, 0, 4, 1]), tensor([2, 6, 1, 4, 1]), tensor([2, 6, 2, 4, 1]), tensor([2, 6, 1, 4, 1]), tensor([4, 1, 0, 4, 1])])
('sampled action: ', [3, 1, 0, 2, 1, 2, 0, 2, 2, 1])
('actions: ', [1, 0, 0, 2, 3, 3, 1, 0, 2, 2, 2, 2, 2, 1, 1, 3, 0, 0, 0, 3, 1, 0, 1, 1, 1, 1, 3, 3, 1, 1, 0, 0, 1, 1, 2, 1, 0, 1, 2, 2, 3, 1, 0, 0, 3, 3, 2, 0, 0, 0, 2, 3, 3, 2, 0, 2, 0, 0, 2, 1, 3, 1, 0, 2])
('current state: ', [[5, 1, 1, 6, 3], [5, 2, 1, 6, 3], [5, 2, 1, 6, 3], [5, 2, 0, 6, 3], [5, 2, 1, 6, 3], [5, 2, 0, 6, 3], [5, 2, 0, 6, 3], [5, 2, 3, 6, 3], [5, 2, 0, 6, 3], [5, 2, 3, 6, 3]])
('sampled state: ', [tensor([5, 6, 1, 6, 3]), tensor([5, 6, 2, 6, 3]), tensor([5, 1, 0, 6, 3]), tensor([5, 1, 2, 6, 3]), tensor([5, 1, 0, 6, 3]), tensor([5, 1, 2, 6, 3]), tensor([5, 1, 3, 6, 3]), tensor([5, 1, 3, 6, 3]), tensor([5, 1, 2, 6, 3]), tensor([6, 3, 0, 6, 3])])
('sampled action: ', [0, 3, 1, 2, 3, 3, 1, 0, 1, 1])
('current state: ', [[5, 2, 2, 6, 3], [5, 2, 2, 6, 3], [5, 2, 3, 6, 3], [5, 1, 3, 6, 3], [5, 1, 3, 6, 3], [5, 1, 3, 6, 3], [5, 1, 0, 6, 3], [5, 1, 3, 6, 3], [5, 1, 0, 6, 3], [5, 1, 1, 6, 3]])
('sampled state: ', [tensor([5, 1, 2, 6, 3]), tensor([5, 6, 1, 6, 3]), tensor([5, 1, 0, 6, 3]), tensor([5, 1, 1, 6, 3]), tensor([5, 6, 3, 6, 3]), tensor([5, 1, 3, 6, 3]), tensor([5, 6, 0, 6, 3]), tensor([5, 6, 1, 6, 3]), tensor([5, 1, 0, 6, 3]), tensor([6, 3, 0, 6, 3])])
('sampled action: ', [2, 0, 1, 0, 1, 3, 0, 2, 3, 3])
('current state: ', [[5, 2, 1, 6, 3], [5, 2, 0, 6, 3], [5, 2, 1, 6, 3], [5, 2, 0, 6, 3], [5, 2, 1, 6, 3], [5, 2, 1, 6, 3], [5, 2, 0, 6, 3], [5, 2, 0, 6, 3], [5, 2, 0, 6, 3], [5, 2, 0, 6, 3]])
('sampled state: ', [tensor([5, 1, 2, 6, 3]), tensor([5, 1, 0, 6, 3]), tensor([5, 1, 3, 6, 3]), tensor([5, 1, 2, 6, 3]), tensor([5, 1, 3, 6, 3]), tensor([5, 1, 1, 6, 3]), tensor([5, 1, 0, 6, 3]), tensor([5, 1, 3, 6, 3]), tensor([5, 1, 2, 6, 3]), tensor([6, 3, 0, 6, 3])])
('sampled action: ', [1, 3, 3, 1, 0, 2, 1, 3, 0, 2])
('current state: ', [[5, 2, 1, 6, 3], [5, 2, 1, 6, 3], [5, 2, 1, 6, 3], [5, 2, 2, 6, 3], [5, 2, 1, 6, 3], [5, 3, 1, 6, 3], [5, 3, 2, 6, 3], [5, 3, 2, 6, 3], [5, 3, 1, 6, 3], [5, 4, 1, 6, 3]])
('sampled state: ', [tensor([5, 6, 3, 6, 3]), tensor([5, 6, 1, 6, 3]), tensor([5, 6, 3, 6, 3]), tensor([5, 6, 0, 6, 3]), tensor([5, 6, 0, 6, 3]), tensor([5, 6, 0, 6, 3]), tensor([5, 6, 0, 6, 3]), tensor([5, 6, 0, 6, 3]), tensor([5, 6, 0, 6, 3]), tensor([6, 3, 0, 6, 3])])
('sampled action: ', [2, 0, 0, 3, 1, 0, 1, 0, 3, 3])
('current state: ', [[5, 5, 1, 6, 3], [5, 5, 0, 6, 3], [5, 5, 3, 6, 3], [5, 5, 3, 6, 3], [5, 5, 0, 6, 3], [5, 5, 3, 6, 3], [5, 5, 0, 6, 3], [5, 5, 3, 6, 3], [5, 5, 3, 6, 3], [5, 5, 3, 6, 3]])
('sampled state: ', [tensor([5, 1, 1, 6, 3]), tensor([5, 1, 1, 6, 3]), tensor([5, 6, 2, 6, 3]), tensor([5, 6, 0, 6, 3]), tensor([5, 6, 2, 6, 3]), tensor([5, 6, 2, 6, 3]), tensor([5, 6, 1, 6, 3]), tensor([5, 6, 2, 6, 3]), tensor([5, 1, 1, 6, 3]), tensor([6, 3, 0, 6, 3])])
('sampled action: ', [2, 0, 3, 3, 3, 1, 1, 3, 0, 0])
('current state: ', [[5, 4, 3, 6, 3], [5, 4, 2, 6, 3], [5, 4, 2, 6, 3], [5, 4, 2, 6, 3], [5, 4, 2, 6, 3], [5, 4, 3, 6, 3], [5, 4, 0, 6, 3], [5, 4, 0, 6, 3], [5, 4, 3, 6, 3], [5, 4, 2, 6, 3]])
('sampled state: ', [tensor([5, 6, 2, 6, 3]), tensor([5, 6, 2, 6, 3]), tensor([5, 6, 0, 6, 3]), tensor([5, 6, 2, 6, 3]), tensor([5, 1, 3, 6, 3]), tensor([5, 1, 2, 6, 3]), tensor([5, 1, 2, 6, 3]), tensor([5, 1, 1, 6, 3]), tensor([5, 1, 1, 6, 3]), tensor([6, 3, 0, 6, 3])])
('sampled action: ', [1, 3, 1, 2, 1, 3, 0, 3, 3, 0])
('actions: ', [1, 2, 3, 0, 1, 0, 2, 0, 1, 0, 0, 3, 1, 2, 3, 3, 1, 0, 1, 1, 2, 0, 1, 0, 1, 3, 0, 2, 3, 3, 1, 3, 3, 1, 0, 2, 1, 3, 0, 2, 2, 0, 0, 3, 1, 0, 1, 0, 3, 3, 2, 0, 3, 3, 3, 1, 1, 3, 0, 0, 1, 3, 1, 2])
success_rate: 0.0, eval_return 0.0
Test it 0, epoch_num 0, bert loss 403.83582, gt_traj_energys 1.15753, mcmc_energys 403.83582, action_correct_rate 0.29609, all_action_correct_rate_steps [0.1875     0.33333334 0.37254903 0.27500001 0.34285715 0.27272728
 0.33333334 0.26086956 0.23529412 0.42857146], pos eng 403.83582, neg eng -350.27844
eval return: 0.0, success_rate: 0.000
Test it 0, epoch_num 50, bert loss 186.22824, gt_traj_energys 0.45206, mcmc_energys 186.22824, action_correct_rate 0.77654, all_action_correct_rate_steps [0.828125   0.77586204 0.75471699 0.72093022 0.70588237 0.73333335
 0.826087   0.85714287 0.83333331 0.78571433], pos eng 186.22824, neg eng -188.25153
eval return: 0.46312499999999995, success_rate: 0.600
Test it 0, epoch_num 100, bert loss 136.47272, gt_traj_energys 0.37400, mcmc_energys 136.47272, action_correct_rate 0.83483, all_action_correct_rate_steps [0.859375   0.96363634 0.75609756 0.8888889  0.83870965 0.88461542
 0.75999999 0.66666669 0.66666669 0.8125    ], pos eng 136.47272, neg eng -151.15498
eval return: 0.20750000000000002, success_rate: 0.300
Test it 0, epoch_num 150, bert loss 90.20238, gt_traj_energys 0.31672, mcmc_energys 90.20238, action_correct_rate 0.87797, all_action_correct_rate_steps [0.984375   0.88235295 0.9512195  0.75       0.89285719 0.81818187
 0.72222221 0.92857146 0.71428573 0.81818187], pos eng 90.20238, neg eng -97.34866
eval return: 0.55, success_rate: 0.700
Test it 0, epoch_num 200, bert loss 95.56274, gt_traj_energys 0.34269, mcmc_energys 95.56274, action_correct_rate 0.86957, all_action_correct_rate_steps [0.859375   0.94339621 0.87179488 0.88571429 0.93103451 0.77777779
 0.90909094 0.69999999 0.82352942 0.875     ], pos eng 95.56274, neg eng -129.05670
eval return: 0.48, success_rate: 0.500
Test it 0, epoch_num 250, bert loss 97.47292, gt_traj_energys 0.28987, mcmc_energys 97.47292, action_correct_rate 0.86527, all_action_correct_rate_steps [0.875      0.91071433 0.90697676 0.94736844 0.83870965 0.8214286
 0.75999999 0.85714287 0.73333335 0.76923078], pos eng 97.47292, neg eng -89.66062
eval return: 0.533125, success_rate: 0.600
Test it 0, epoch_num 300, bert loss 62.40620, gt_traj_energys 0.26871, mcmc_energys 62.40620, action_correct_rate 0.91536, all_action_correct_rate_steps [0.921875   0.94444448 1.         0.94444448 0.89655173 0.86956525
 0.94999999 0.84210527 0.70588237 0.85714293], pos eng 62.40620, neg eng -86.50407
eval return: 0.39749999999999996, success_rate: 0.500
Test it 0, epoch_num 350, bert loss 70.81582, gt_traj_energys 0.29302, mcmc_energys 70.81582, action_correct_rate 0.91987, all_action_correct_rate_steps [0.9375     0.94117653 0.88636369 0.91428572 0.96551722 0.80769235
 1.         0.94117647 0.78571433 1.        ], pos eng 70.81582, neg eng -57.81946
eval return: 0.34937499999999994, success_rate: 0.500
eval return: 0.3396875, success_rate: 0.500
Test it 0, epoch_num 0, bert loss 374.43637, gt_traj_energys 1.18242, mcmc_energys 374.43637, action_correct_rate 0.27554, all_action_correct_rate_steps [0.296875   0.39622641 0.11904762 0.31428573 0.28125    0.23076925
 0.42857143 0.11111111 0.17647059 0.26666668], pos eng 374.43637, neg eng -313.68591
eval return: 0.0, success_rate: 0.000
Test it 0, epoch_num 50, bert loss 154.26465, gt_traj_energys 0.38760, mcmc_energys 154.26465, action_correct_rate 0.79027, all_action_correct_rate_steps [0.890625   0.78431374 0.82222223 0.63157892 0.8125     0.92307699
 0.59999996 0.88235295 0.8125     0.60000002], pos eng 154.26465, neg eng -185.67743
eval return: 0.4125, success_rate: 0.500
Test it 0, epoch_num 100, bert loss 146.86491, gt_traj_energys 0.42033, mcmc_energys 146.86491, action_correct_rate 0.82254, all_action_correct_rate_steps [0.875      0.83999997 0.83720928 0.79487181 0.91891897 0.78787881
 0.66666669 0.77272731 0.90000004 0.69999999], pos eng 146.86491, neg eng -158.39348
eval return: 0.41375, success_rate: 0.500
Test it 0, epoch_num 150, bert loss 107.52751, gt_traj_energys 0.33339, mcmc_energys 107.52751, action_correct_rate 0.87798, all_action_correct_rate_steps [0.890625   0.94444448 0.902439   0.8918919  0.91176468 0.82758617
 0.79999995 0.84210527 0.70588237 0.875     ], pos eng 107.52751, neg eng -113.20884
eval return: 0.20750000000000002, success_rate: 0.300
Test it 0, epoch_num 200, bert loss 108.11565, gt_traj_energys 0.35650, mcmc_energys 108.11565, action_correct_rate 0.87683, all_action_correct_rate_steps [0.96875    0.84615386 0.86956525 0.86486489 0.969697   0.74074078
 0.86956525 0.86956525 0.90000004 0.6875    ], pos eng 108.11565, neg eng -109.53522
eval return: 0.538125, success_rate: 0.600
Test it 0, epoch_num 250, bert loss 85.99699, gt_traj_energys 0.33341, mcmc_energys 85.99699, action_correct_rate 0.89610, all_action_correct_rate_steps [0.9375     0.96551722 0.86363637 0.86486489 0.93103451 0.86956525
 0.82352942 0.78571433 0.83333337 0.80000001], pos eng 85.99699, neg eng -98.55842
eval return: 0.4912500000000001, success_rate: 0.600
Test it 0, epoch_num 300, bert loss 67.62727, gt_traj_energys 0.24183, mcmc_energys 67.62727, action_correct_rate 0.93678, all_action_correct_rate_steps [0.9375     0.94736844 0.93478262 0.92682922 0.91666669 0.9333334
 1.         0.90000004 1.         0.83333337], pos eng 67.62727, neg eng -91.35110
eval return: 0.41875, success_rate: 0.600
Test it 0, epoch_num 350, bert loss 76.34662, gt_traj_energys 0.32357, mcmc_energys 76.34662, action_correct_rate 0.91875, all_action_correct_rate_steps [0.9375     0.96226418 0.95744675 0.84848487 0.96296299 0.88
 0.9545455  0.8888889  0.8125     0.80000007], pos eng 76.34662, neg eng -76.91245
eval return: 0.471875, success_rate: 0.600
eval return: 0.39046875000000003, success_rate: 0.550
Test it 0, epoch_num 0, bert loss 391.90607, gt_traj_energys 1.28122, mcmc_energys 391.90607, action_correct_rate 0.11475, all_action_correct_rate_steps [0.109375   0.12280702 0.13333334 0.12121212 0.11538462 0.08695652
 0.1        0.         0.16666667 0.22222222], pos eng 391.90607, neg eng -276.87552
eval return: 0.099375, success_rate: 0.100
Test it 0, epoch_num 50, bert loss 150.02007, gt_traj_energys 0.41979, mcmc_energys 150.02007, action_correct_rate 0.78571, all_action_correct_rate_steps [0.875      0.71698117 0.75       0.79411763 0.88461542 0.77272731
 0.90000004 0.6111111  0.71428573 0.69230771], pos eng 150.02007, neg eng -160.17432
eval return: 0.534375, success_rate: 0.600
Test it 0, epoch_num 100, bert loss 125.43503, gt_traj_energys 0.38286, mcmc_energys 125.43503, action_correct_rate 0.84177, all_action_correct_rate_steps [0.921875   0.83999997 0.90476191 0.74358976 0.86666673 0.86956525
 0.65000004 0.84210527 0.8125     0.76923078], pos eng 125.43503, neg eng -127.06854
eval return: 0.406875, success_rate: 0.500
Test it 0, epoch_num 150, bert loss 139.06451, gt_traj_energys 0.44458, mcmc_energys 139.06451, action_correct_rate 0.85204, all_action_correct_rate_steps [0.84375    0.93220341 0.8888889  0.73913044 0.875      0.85714287
 0.90000004 0.95999998 0.90476191 0.44444445], pos eng 139.06451, neg eng -139.15160
eval return: 0.338125, success_rate: 0.400
Test it 0, epoch_num 200, bert loss 117.58368, gt_traj_energys 0.43903, mcmc_energys 117.58368, action_correct_rate 0.86982, all_action_correct_rate_steps [0.84375    0.90566039 0.86666667 0.83333331 0.96875    1.
 0.78260869 0.81818187 0.84210527 0.75      ], pos eng 117.58368, neg eng -116.91409
eval return: 0.4912500000000001, success_rate: 0.600
Test it 0, epoch_num 250, bert loss 90.96037, gt_traj_energys 0.32405, mcmc_energys 90.96037, action_correct_rate 0.87834, all_action_correct_rate_steps [0.890625   0.91071433 0.86666667 0.83783787 0.87878788 0.81481481
 0.95833337 0.80952382 0.94117647 0.84615386], pos eng 90.96037, neg eng -101.13478
eval return: 0.53625, success_rate: 0.700
Test it 0, epoch_num 300, bert loss 33.29037, gt_traj_energys 0.25055, mcmc_energys 33.29037, action_correct_rate 0.97315, all_action_correct_rate_steps [1.         0.98148149 0.9512195  1.         0.86666673 1.
 0.94999999 1.         1.         1.        ], pos eng 33.29037, neg eng -71.71971
eval return: 0.43562500000000004, success_rate: 0.500
Test it 0, epoch_num 350, bert loss 72.95510, gt_traj_energys 0.28789, mcmc_energys 72.95510, action_correct_rate 0.90462, all_action_correct_rate_steps [0.9375     0.92592591 0.94       0.97560972 0.939394   0.79310346
 0.83333337 0.85714287 0.7647059  0.84615386], pos eng 72.95510, neg eng -79.98912
eval return: 0.56375, success_rate: 0.600
eval return: 0.40328125000000004, success_rate: 0.525
Test it 0, epoch_num 0, bert loss 349.60187, gt_traj_energys 1.07438, mcmc_energys 349.60187, action_correct_rate 0.41846, all_action_correct_rate_steps [0.59375    0.29999998 0.39534885 0.3611111  0.51612902 0.39285716
 0.39130434 0.2631579  0.41176471 0.35714287], pos eng 349.60187, neg eng -327.39148
eval return: 0.0, success_rate: 0.000
Test it 0, epoch_num 50, bert loss 132.34863, gt_traj_energys 0.36446, mcmc_energys 132.34863, action_correct_rate 0.83108, all_action_correct_rate_steps [0.84375    0.89999998 0.8611111  0.80645156 0.6538462  0.85714287
 0.8888889  0.72222221 0.75       0.9375    ], pos eng 132.34863, neg eng -160.44202
eval return: 0.36062500000000003, success_rate: 0.400
Test it 0, epoch_num 100, bert loss 139.37654, gt_traj_energys 0.47282, mcmc_energys 139.37654, action_correct_rate 0.82534, all_action_correct_rate_steps [0.859375   0.83018869 0.85714287 0.80645156 0.83999997 0.80000001
 0.8888889  0.71428573 0.84615386 0.58333337], pos eng 139.37654, neg eng -104.31100
eval return: 0.26375000000000004, success_rate: 0.300
Test it 0, epoch_num 150, bert loss 98.08798, gt_traj_energys 0.27282, mcmc_energys 98.08798, action_correct_rate 0.85714, all_action_correct_rate_steps [0.90625    0.9245283  0.80434781 0.82051283 0.90000004 0.80769235
 0.9545455  0.88235295 0.71428573 0.54545456], pos eng 98.08798, neg eng -129.77950
eval return: 0.25875, success_rate: 0.400
Test it 0, epoch_num 200, bert loss 75.25288, gt_traj_energys 0.33225, mcmc_energys 75.25288, action_correct_rate 0.87500, all_action_correct_rate_steps [0.84375    0.92592591 0.88235295 0.91999996 0.86956525 0.90000004
 0.82352942 0.81818187 0.75       0.875     ], pos eng 75.25288, neg eng -92.37315
eval return: 0.25875000000000004, success_rate: 0.400
Test it 0, epoch_num 250, bert loss 88.96715, gt_traj_energys 0.28801, mcmc_energys 88.96715, action_correct_rate 0.89137, all_action_correct_rate_steps [0.921875   0.92857146 0.9130435  0.91891897 0.93103451 0.78260869
 0.69999999 1.         0.91666669 0.63636363], pos eng 88.96715, neg eng -75.47469
eval return: 0.141875, success_rate: 0.200
Test it 0, epoch_num 300, bert loss 56.32983, gt_traj_energys 0.18531, mcmc_energys 56.32983, action_correct_rate 0.93291, all_action_correct_rate_steps [0.96875    0.96363634 0.95652175 0.94736844 0.79310346 0.90909094
 0.94999999 0.875      0.85714293 1.        ], pos eng 56.32983, neg eng -66.57732
eval return: 0.42750000000000005, success_rate: 0.600
Test it 0, epoch_num 350, bert loss 69.88253, gt_traj_energys 0.33995, mcmc_energys 69.88253, action_correct_rate 0.91613, all_action_correct_rate_steps [0.9375     0.98039222 0.92857146 0.8611111  0.89285719 0.86956525
 0.89473683 0.8888889  0.86666673 0.92857146], pos eng 69.88253, neg eng -68.73660
eval return: 0.335625, success_rate: 0.400
Test it 0, epoch_num 0, bert loss 403.83582, gt_traj_energys 1.15753, mcmc_energys 403.83582, action_correct_rate 0.29609, all_action_correct_rate_steps [0.1875     0.33333334 0.37254903 0.27500001 0.34285715 0.27272728
 0.33333334 0.26086956 0.23529412 0.42857146], pos eng 403.83582, neg eng -350.27844
eval return: 0.0, success_rate: 0.000
Test it 0, epoch_num 50, bert loss 189.79272, gt_traj_energys 0.43892, mcmc_energys 189.79272, action_correct_rate 0.79330, all_action_correct_rate_steps [0.859375   0.7241379  0.83018869 0.79069769 0.70588237 0.73333335
 0.86956525 0.80952382 0.83333331 0.78571433], pos eng 189.79272, neg eng -189.95428
eval return: 0.228125, success_rate: 0.300
Test it 0, epoch_num 100, bert loss 140.60812, gt_traj_energys 0.36970, mcmc_energys 140.60812, action_correct_rate 0.83784, all_action_correct_rate_steps [0.8125     0.96363634 0.804878   0.91666669 0.77419353 0.84615386
 0.79999995 0.80952382 0.72222221 0.75      ], pos eng 140.60812, neg eng -152.67183
eval return: 0.16312500000000002, success_rate: 0.300
Test it 0, epoch_num 150, bert loss 90.00227, gt_traj_energys 0.32411, mcmc_energys 90.00227, action_correct_rate 0.88136, all_action_correct_rate_steps [0.984375   0.86274511 0.97560972 0.75       0.92857146 0.86363637
 0.77777779 0.92857146 0.64285719 0.72727275], pos eng 90.00227, neg eng -114.47289
eval return: 0.33749999999999997, success_rate: 0.400
eval return: 0.4124999999999999, success_rate: 0.525
Test it 0, epoch_num 50, bert loss 156.84723, gt_traj_energys 0.37178, mcmc_energys 156.84723, action_correct_rate 0.80547, all_action_correct_rate_steps [0.890625   0.80392158 0.84444445 0.7368421  0.84375    0.84615386
 0.68000001 0.88235295 0.75       0.53333336], pos eng 156.84723, neg eng -203.92493
eval return: 0.26875, success_rate: 0.300
Test it 0, epoch_num 100, bert loss 133.89532, gt_traj_energys 0.38574, mcmc_energys 133.89532, action_correct_rate 0.83944, all_action_correct_rate_steps [0.828125   0.89999998 0.86046511 0.79487181 0.94594598 0.81818187
 0.74074078 0.72727275 0.94999999 0.75      ], pos eng 133.89532, neg eng -147.57855
eval return: 0.385, success_rate: 0.500
Test it 0, epoch_num 150, bert loss 117.31850, gt_traj_energys 0.35612, mcmc_energys 117.31850, action_correct_rate 0.85119, all_action_correct_rate_steps [0.859375   0.7962963  0.92682922 0.91891897 0.88235295 0.79310346
 0.75999999 0.84210527 0.82352942 0.875     ], pos eng 117.31850, neg eng -121.35549
eval return: 0.271875, success_rate: 0.300
Test it 0, epoch_num 50, bert loss 186.27301, gt_traj_energys 0.42927, mcmc_energys 186.27301, action_correct_rate 0.79787, all_action_correct_rate_steps [0.875      0.79245281 0.71739131 0.64285713 0.8611111  0.84375
 0.83333337 0.78571433 0.875      0.76190478], pos eng 186.27301, neg eng -161.95589
eval return: 0.35468750000000004, success_rate: 0.475
eval return: 0.09916666666666667, success_rate: 0.100
Test it 0, epoch_num 50, bert loss 147.71826, gt_traj_energys 0.42801, mcmc_energys 147.71826, action_correct_rate 0.77597, all_action_correct_rate_steps [0.875      0.67924529 0.75       0.79411763 0.84615386 0.77272731
 0.85000002 0.6111111  0.71428573 0.76923078], pos eng 147.71826, neg eng -153.26602
eval return: 0.19, success_rate: 0.200
Test it 0, epoch_num 100, bert loss 183.05412, gt_traj_energys 0.43746, mcmc_energys 183.05412, action_correct_rate 0.82667, all_action_correct_rate_steps [0.8125     0.86206895 0.86792457 0.8085106  0.85106379 0.76744187
 0.74358976 0.88571429 0.72727275 0.93548381], pos eng 183.05412, neg eng -193.58029
Test it 0, epoch_num 100, bert loss 118.95241, gt_traj_energys 0.37430, mcmc_energys 118.95241, action_correct_rate 0.85759, all_action_correct_rate_steps [0.9375     0.91999996 0.88095242 0.82051283 0.83333337 0.9130435
 0.69999999 0.78947371 0.75       0.69230771], pos eng 118.95241, neg eng -125.28494
eval return: 0.37687499999999996, success_rate: 0.500
eval return: 0.08166666666666667, success_rate: 0.100
Test it 0, epoch_num 150, bert loss 137.58586, gt_traj_energys 0.42099, mcmc_energys 137.58586, action_correct_rate 0.83673, all_action_correct_rate_steps [0.828125   0.96610171 0.85185188 0.67391306 0.85000002 0.85714287
 0.90000004 0.91999996 0.90476191 0.44444445], pos eng 137.58586, neg eng -160.51056
Test it 0, epoch_num 150, bert loss 135.38467, gt_traj_energys 0.37034, mcmc_energys 135.38467, action_correct_rate 0.86957, all_action_correct_rate_steps [0.890625   0.83636361 0.84782612 0.8974359  0.94444448 0.88235295
 0.7647059  0.90322578 0.92857146 0.79166669], pos eng 135.38467, neg eng -185.15411
eval return: 0.42625000000000013, success_rate: 0.600
eval return: 0.2577777777777778, success_rate: 0.400
eval return: 0.38203124999999993, success_rate: 0.475
Test it 0, epoch_num 50, bert loss 138.99738, gt_traj_energys 0.38078, mcmc_energys 138.99738, action_correct_rate 0.82432, all_action_correct_rate_steps [0.78125    0.91999996 0.8888889  0.77419353 0.6538462  0.90476191
 0.8888889  0.77777779 0.75       0.875     ], pos eng 138.99738, neg eng -139.29245
eval return: 0.2475, success_rate: 0.300
Test it 0, epoch_num 100, bert loss 127.74623, gt_traj_energys 0.44857, mcmc_energys 127.74623, action_correct_rate 0.82192, all_action_correct_rate_steps [0.859375   0.79245281 0.90476191 0.87096775 0.71999997 0.69999999
 0.83333331 0.78571433 0.84615386 0.75      ], pos eng 127.74623, neg eng -87.49195
eval return: 0.24437499999999995, success_rate: 0.400
eval return: 0.291875, success_rate: 0.400
Test it 0, epoch_num 150, bert loss 96.37031, gt_traj_energys 0.32531, mcmc_energys 96.37031, action_correct_rate 0.86957, all_action_correct_rate_steps [0.90625    0.94339621 0.80434781 0.84615386 0.90000004 0.88461542
 0.90909094 0.82352942 0.71428573 0.72727275], pos eng 96.37031, neg eng -117.91016
eval return: 0.50625, success_rate: 0.600
Test it 0, epoch_num 50, bert loss 165.36874, gt_traj_energys 0.39792, mcmc_energys 165.36874, action_correct_rate 0.82713, all_action_correct_rate_steps [0.84375    0.83928573 0.8125     0.80952382 0.87179488 0.81818187
 0.75000006 0.91999996 0.68181819 0.89473683], pos eng 165.36874, neg eng -169.47197
eval return: 0.4730555555555555, success_rate: 0.600
Test it 0, epoch_num 100, bert loss 212.36647, gt_traj_energys 0.45926, mcmc_energys 212.36647, action_correct_rate 0.79665, all_action_correct_rate_steps [0.84375    0.71428573 0.76923078 0.826087   0.75       0.89473683
 0.82857144 0.71875    0.87096775 0.75      ], pos eng 212.36647, neg eng -181.54408
eval return: 0.3376562499999999, success_rate: 0.450
eval return: 0.20166666666666666, success_rate: 0.300
Test it 0, epoch_num 50, bert loss 159.67410, gt_traj_energys 0.49888, mcmc_energys 159.67410, action_correct_rate 0.78931, all_action_correct_rate_steps [0.859375   0.76363635 0.69047618 0.78787881 0.73076928 0.91999996
 0.826087   0.80000001 0.64705884 0.84615386], pos eng 159.67410, neg eng -152.66249
eval return: 0.38625, success_rate: 0.500
Test it 0, epoch_num 150, bert loss 152.19252, gt_traj_energys 0.36860, mcmc_energys 152.19252, action_correct_rate 0.84902, all_action_correct_rate_steps [0.90625    0.80701756 0.86792457 0.77083337 0.82978719 0.82222223
 0.88636369 0.84210527 0.90625    0.86206895], pos eng 152.19252, neg eng -203.77089
Test it 0, epoch_num 100, bert loss 138.34534, gt_traj_energys 0.35556, mcmc_energys 138.34534, action_correct_rate 0.81957, all_action_correct_rate_steps [0.875      0.87037039 0.71111113 0.8611111  0.73333335 0.8888889
 0.61904764 0.8888889  0.88235295 0.80000007], pos eng 138.34534, neg eng -121.87173
eval return: 0.4180555555555555, success_rate: 0.500
eval return: 0.26187499999999997, success_rate: 0.300
Test it 0, epoch_num 150, bert loss 108.01160, gt_traj_energys 0.31639, mcmc_energys 108.01160, action_correct_rate 0.87009, all_action_correct_rate_steps [0.890625   0.8214286  0.93181819 0.84210527 0.86666673 0.92857146
 0.826087   0.75       0.94117647 0.90909094], pos eng 108.01160, neg eng -111.64024
eval return: 0.4562500000000001, success_rate: 0.600
eval return: 0.3565625, success_rate: 0.500
eval return: 0.3870138888888888, success_rate: 0.550
Test it 0, epoch_num 50, bert loss 182.15613, gt_traj_energys 0.44225, mcmc_energys 182.15613, action_correct_rate 0.79656, all_action_correct_rate_steps [0.796875   0.80769235 0.84782612 0.87804878 0.74285716 0.6875
 0.70833337 0.80000001 0.83333331 0.82352942], pos eng 182.15613, neg eng -145.22308
Test it 0, epoch_num 50, bert loss 190.33804, gt_traj_energys 0.46010, mcmc_energys 190.33804, action_correct_rate 0.80526, all_action_correct_rate_steps [0.734375   0.83636361 0.875      0.88636369 0.875      0.875
 0.68965518 0.59999996 0.86363637 0.71428573], pos eng 190.33804, neg eng -235.55698
eval return: 0.45359999999999995, success_rate: 0.500
eval return: 0.2625, success_rate: 0.300
Test it 0, epoch_num 100, bert loss 209.84387, gt_traj_energys 0.51037, mcmc_energys 209.84387, action_correct_rate 0.79433, all_action_correct_rate_steps [0.765625   0.87719297 0.74074078 0.83999997 0.73170727 0.8611111
 0.70588237 0.74193549 0.82758617 0.85185188], pos eng 209.84387, neg eng -168.53784
eval return: 0.3872, success_rate: 0.400
Test it 0, epoch_num 100, bert loss 178.88556, gt_traj_energys 0.44729, mcmc_energys 178.88556, action_correct_rate 0.83333, all_action_correct_rate_steps [0.78125    0.86666673 0.81034482 0.875      0.84444445 0.71794873
 0.91428572 0.86206895 0.8214286  0.88461542], pos eng 178.88556, neg eng -232.88002
Test it 0, epoch_num 150, bert loss 149.15173, gt_traj_energys 0.39892, mcmc_energys 149.15173, action_correct_rate 0.82927, all_action_correct_rate_steps [0.859375   0.83018869 0.87234038 0.83720928 0.8974359  0.80555558
 0.64285719 0.90909094 0.78947371 0.72222221], pos eng 149.15173, neg eng -128.83115
eval return: 0.4977777777777777, success_rate: 0.600
eval return: 0.4008, success_rate: 0.500
Test it 0, epoch_num 150, bert loss 166.02043, gt_traj_energys 0.45148, mcmc_energys 166.02043, action_correct_rate 0.85256, all_action_correct_rate_steps [0.890625   0.72580642 0.84210527 0.90566039 0.89361697 0.92500001
 0.79487181 0.84615386 0.74285716 1.        ], pos eng 166.02043, neg eng -194.39697
eval return: 0.060833333333333336, success_rate: 0.100
eval return: 0.48729999999999996, success_rate: 0.675
Test it 0, epoch_num 50, bert loss 199.61577, gt_traj_energys 0.43246, mcmc_energys 199.61577, action_correct_rate 0.77378, all_action_correct_rate_steps [0.71875    0.84745765 0.77777779 0.77272731 0.804878   0.7647059
 0.80000007 0.66666669 0.84210527 0.70588237], pos eng 199.61577, neg eng -152.56882
eval return: 0.0676, success_rate: 0.100
Test it 0, epoch_num 100, bert loss 173.40422, gt_traj_energys 0.46070, mcmc_energys 173.40422, action_correct_rate 0.81313, all_action_correct_rate_steps [0.859375   0.86440676 0.81999999 0.80434781 0.82051283 0.77142859
 0.76666671 0.75862068 0.75999999 0.78947371], pos eng 173.40422, neg eng -160.50616
eval return: 0.36486111111111114, success_rate: 0.450
eval return: 0.4548, success_rate: 0.500
Test it 0, epoch_num 50, bert loss 220.97783, gt_traj_energys 0.54830, mcmc_energys 220.97783, action_correct_rate 0.78186, all_action_correct_rate_steps [0.78125    0.81818181 0.79166669 0.83720928 0.75609756 0.7631579
 0.91428572 0.66666669 0.6538462  0.75999999], pos eng 220.97783, neg eng -179.19376
Test it 0, epoch_num 150, bert loss 126.00830, gt_traj_energys 0.35714, mcmc_energys 126.00830, action_correct_rate 0.85629, all_action_correct_rate_steps [0.859375   0.87719297 0.82222223 0.7631579  0.939394   0.84615386
 0.91666669 0.77777779 0.9375     0.84615386], pos eng 126.00830, neg eng -148.16086
eval return: 0.2548, success_rate: 0.400
eval return: 0.2825, success_rate: 0.400
Test it 0, epoch_num 100, bert loss 178.42819, gt_traj_energys 0.44977, mcmc_energys 178.42819, action_correct_rate 0.84988, all_action_correct_rate_steps [0.890625   0.83050847 0.90196079 0.89130437 0.83720928 0.81578946
 0.94117647 0.68965518 0.80769235 0.78260869], pos eng 178.42819, neg eng -183.12337
eval return: 0.33666666666666667, success_rate: 0.400
Test it 0, epoch_num 150, bert loss 150.15497, gt_traj_energys 0.36772, mcmc_energys 150.15497, action_correct_rate 0.83960, all_action_correct_rate_steps [0.875      0.85245895 0.78431374 0.90697676 0.89473683 0.79411763
 0.71875    0.8214286  0.79999995 0.9130435 ], pos eng 150.15497, neg eng -186.29872
eval return: 0.33190000000000003, success_rate: 0.450
eval return: 0.31861111111111107, success_rate: 0.400
Test it 0, epoch_num 50, bert loss 214.80466, gt_traj_energys 0.55310, mcmc_energys 214.80466, action_correct_rate 0.75789, all_action_correct_rate_steps [0.75       0.73584908 0.74000001 0.75       0.77777779 0.875
 0.80000007 0.77777779 0.63999999 0.7368421 ], pos eng 214.80466, neg eng -238.56514
eval return: 0.1584, success_rate: 0.200
Test it 0, epoch_num 100, bert loss 155.86459, gt_traj_energys 0.38915, mcmc_energys 155.86459, action_correct_rate 0.81769, all_action_correct_rate_steps [0.875      0.82758617 0.83333337 0.85714287 0.80000001 0.87096775
 0.7241379  0.69230771 0.80952382 0.7368421 ], pos eng 155.86459, neg eng -189.52911
eval return: 0.36160000000000003, success_rate: 0.400
Test it 0, epoch_num 150, bert loss 141.51253, gt_traj_energys 0.35610, mcmc_energys 141.51253, action_correct_rate 0.85644, all_action_correct_rate_steps [0.890625   0.94736844 0.80769235 0.77551019 0.77500004 0.86842108
 0.87096775 1.         0.79166669 0.80952382], pos eng 141.51253, neg eng -172.00798
eval return: 0.39624999999999994, success_rate: 0.525
eval return: 0.22199999999999998, success_rate: 0.300
Test it 0, epoch_num 50, bert loss 194.74768, gt_traj_energys 0.40763, mcmc_energys 194.74768, action_correct_rate 0.81818, all_action_correct_rate_steps [0.90625    0.86666673 0.75       0.82222223 0.64285713 0.84210527
 0.93548381 0.76666671 0.75       0.85714287], pos eng 194.74768, neg eng -191.93576
eval return: 0.08249999999999999, success_rate: 0.100
Test it 0, epoch_num 100, bert loss 158.42307, gt_traj_energys 0.38272, mcmc_energys 158.42307, action_correct_rate 0.83693, all_action_correct_rate_steps [0.859375   0.85964912 0.89999998 0.70212764 0.86046511 0.84615386
 0.94117647 0.75862068 0.7037037  0.8888889 ], pos eng 158.42307, neg eng -184.93024
eval return: 0.3727, success_rate: 0.525
eval return: 0.3936111111111111, success_rate: 0.600
Test it 0, epoch_num 50, bert loss 185.74336, gt_traj_energys 0.49907, mcmc_energys 185.74336, action_correct_rate 0.77286, all_action_correct_rate_steps [0.8125     0.75000006 0.72340423 0.83333331 0.79310346 0.79310346
 0.70833337 0.85000002 0.66666669 0.75      ], pos eng 185.74336, neg eng -176.71201
Test it 0, epoch_num 150, bert loss 184.48233, gt_traj_energys 0.43541, mcmc_energys 184.48233, action_correct_rate 0.84867, all_action_correct_rate_steps [0.890625   0.779661   0.80357146 0.90196079 0.8163265  0.85106379
 0.91111112 0.82926828 0.87179488 0.84210527], pos eng 184.48233, neg eng -195.54597
eval return: 0.1196, success_rate: 0.200
eval return: 0.2644444444444444, success_rate: 0.400
Test it 0, epoch_num 100, bert loss 169.81380, gt_traj_energys 0.50525, mcmc_energys 169.81380, action_correct_rate 0.80168, all_action_correct_rate_steps [0.84375    0.80769235 0.76744187 0.82051283 0.60000002 0.87878788
 0.80769235 0.826087   0.78260869 0.90000004], pos eng 169.81380, neg eng -145.14191
eval return: 0.3956, success_rate: 0.500
Test it 0, epoch_num 150, bert loss 119.64114, gt_traj_energys 0.35254, mcmc_energys 119.64114, action_correct_rate 0.87052, all_action_correct_rate_steps [0.90625    0.90566039 0.84444445 0.76190478 0.92105263 0.78787881
 0.88       0.91666669 0.90476191 0.8888889 ], pos eng 119.64114, neg eng -175.88440
eval return: 0.1708, success_rate: 0.300
eval return: 0.31298611111111113, success_rate: 0.425
Test it 0, epoch_num 50, bert loss 187.55368, gt_traj_energys 0.43989, mcmc_energys 187.55368, action_correct_rate 0.82423, all_action_correct_rate_steps [0.796875   0.77777779 0.79591835 0.93181819 0.90000004 0.82051283
 0.69444448 0.7647059  0.87096775 0.9333334 ], pos eng 187.55368, neg eng -164.23006
eval return: 0.34159999999999996, success_rate: 0.400
Test it 0, epoch_num 50, bert loss 189.90746, gt_traj_energys 0.51053, mcmc_energys 189.90746, action_correct_rate 0.78187, all_action_correct_rate_steps [0.859375   0.74545455 0.79166669 0.75609756 0.72727275 0.82758617
 0.88461542 0.66666669 0.89473683 0.52941179], pos eng 189.90746, neg eng -201.48232
eval return: 0.19183673469387755, success_rate: 0.200
eval return: 0.2768, success_rate: 0.400
Test it 0, epoch_num 100, bert loss 170.08318, gt_traj_energys 0.38288, mcmc_energys 170.08318, action_correct_rate 0.84223, all_action_correct_rate_steps [0.8125     0.88679248 0.85999995 0.86363637 0.78048778 0.82499999
 0.86486489 0.77777779 0.87878788 0.87878788], pos eng 170.08318, neg eng -185.15730
Test it 0, epoch_num 100, bert loss 197.43188, gt_traj_energys 0.41745, mcmc_energys 197.43188, action_correct_rate 0.80510, all_action_correct_rate_steps [0.796875   0.88524586 0.68518519 0.88       0.82978719 0.80952382
 0.80645156 0.80645156 0.80769235 0.68000001], pos eng 197.43188, neg eng -184.13588
eval return: 0.3628, success_rate: 0.400
eval return: 0.28530612244897957, success_rate: 0.300
Test it 0, epoch_num 150, bert loss 121.27702, gt_traj_energys 0.28559, mcmc_energys 121.27702, action_correct_rate 0.87206, all_action_correct_rate_steps [0.859375   0.85454541 0.9375     0.86363637 0.85000002 0.91428572
 0.90625    0.92307699 0.81818187 0.70588237], pos eng 121.27702, neg eng -161.62840
eval return: 0.5052, success_rate: 0.600
Test it 0, epoch_num 150, bert loss 146.53110, gt_traj_energys 0.35906, mcmc_energys 146.53110, action_correct_rate 0.86118, all_action_correct_rate_steps [0.890625   0.80701756 0.90196079 0.85416669 0.90476191 0.72972977
 0.91176468 0.87096775 0.90322578 0.83333337], pos eng 146.53110, neg eng -181.44437
eval return: 0.19224489795918367, success_rate: 0.200
eval return: 0.35590000000000005, success_rate: 0.450
Test it 0, epoch_num 50, bert loss 183.36450, gt_traj_energys 0.42012, mcmc_energys 183.36450, action_correct_rate 0.80585, all_action_correct_rate_steps [0.859375   0.79245281 0.69565219 0.69047618 0.8888889  0.875
 0.80000007 0.78571433 0.91666669 0.80952382], pos eng 183.36450, neg eng -169.40726
eval return: 0.0, success_rate: 0.000
Test it 0, epoch_num 100, bert loss 195.37119, gt_traj_energys 0.44843, mcmc_energys 195.37119, action_correct_rate 0.81556, all_action_correct_rate_steps [0.765625   0.86206895 0.8490566  0.78723401 0.82978719 0.79069769
 0.74358976 0.91428572 0.72727275 0.90322578], pos eng 195.37119, neg eng -207.39789
eval return: 0.1952777777777778, success_rate: 0.200
eval return: 0.30051020408163265, success_rate: 0.375
Test it 0, epoch_num 150, bert loss 142.15109, gt_traj_energys 0.36572, mcmc_energys 142.15109, action_correct_rate 0.86189, all_action_correct_rate_steps [0.875      0.83636361 0.84782612 0.8974359  0.91666669 0.82352942
 0.79411763 0.90322578 0.85714293 0.875     ], pos eng 142.15109, neg eng -185.56172
Test it 0, epoch_num 50, bert loss 197.11554, gt_traj_energys 0.47776, mcmc_energys 197.11554, action_correct_rate 0.81818, all_action_correct_rate_steps [0.875      0.76271188 0.81132078 0.78723401 0.79487181 0.82857144
 0.939394   0.74193549 0.90000004 0.74074078], pos eng 197.11554, neg eng -245.83690
eval return: 0.19194444444444445, success_rate: 0.300
eval return: 0.4442857142857143, success_rate: 0.500
Test it 0, epoch_num 100, bert loss 199.72391, gt_traj_energys 0.46112, mcmc_energys 199.72391, action_correct_rate 0.81573, all_action_correct_rate_steps [0.8125     0.86666673 0.78846157 0.83333337 0.79069769 0.902439
 0.82051283 0.91891897 0.7096774  0.63333338], pos eng 199.72391, neg eng -270.10373
eval return: 0.44102040816326527, success_rate: 0.500
Test it 0, epoch_num 150, bert loss 157.01154, gt_traj_energys 0.39028, mcmc_energys 157.01154, action_correct_rate 0.87016, all_action_correct_rate_steps [0.890625   0.87500006 0.83999997 0.826087   0.84090912 0.92682922
 0.82499999 0.91666669 0.84375    0.9333334 ], pos eng 157.01154, neg eng -173.54706
eval return: 0.3575510204081633, success_rate: 0.500
eval return: 0.4, success_rate: 0.500
Test it 0, epoch_num 50, bert loss 175.55748, gt_traj_energys 0.40051, mcmc_energys 175.55748, action_correct_rate 0.81117, all_action_correct_rate_steps [0.84375    0.75000006 0.8125     0.73809522 0.82051283 0.78787881
 0.85714293 0.95999998 0.68181819 0.94736844], pos eng 175.55748, neg eng -160.18600
eval return: 0.28250000000000003, success_rate: 0.300
Test it 0, epoch_num 100, bert loss 209.55667, gt_traj_energys 0.46501, mcmc_energys 209.55667, action_correct_rate 0.78230, all_action_correct_rate_steps [0.8125     0.76785719 0.73076928 0.80434781 0.77500004 0.86842108
 0.80000001 0.71875    0.80645156 0.70833337], pos eng 209.55667, neg eng -178.00031
eval return: 0.23805555555555555, success_rate: 0.400
Test it 0, epoch_num 150, bert loss 160.18320, gt_traj_energys 0.42244, mcmc_energys 160.18320, action_correct_rate 0.82495, all_action_correct_rate_steps [0.890625   0.78947371 0.83018869 0.8125     0.74468082 0.80000001
 0.86363637 0.81578946 0.75       0.96551722], pos eng 160.18320, neg eng -204.98825
eval return: 0.24055555555555555, success_rate: 0.300
eval return: 0.1848469387755102, success_rate: 0.225
Test it 0, epoch_num 50, bert loss 190.30360, gt_traj_energys 0.45069, mcmc_energys 190.30360, action_correct_rate 0.81818, all_action_correct_rate_steps [0.796875   0.77586204 0.92156863 0.85416669 0.78571433 0.6857143
 0.87878788 0.8214286  0.79999995 0.86956525], pos eng 190.30360, neg eng -193.64784
eval return: 0.0, success_rate: 0.000
eval return: 0.3511111111111111, success_rate: 0.425
Test it 0, epoch_num 100, bert loss 182.13177, gt_traj_energys 0.37183, mcmc_energys 182.13177, action_correct_rate 0.83015, all_action_correct_rate_steps [0.859375   0.90322578 0.75862068 0.81818181 0.89583337 0.75
 0.85714287 0.78378379 0.84375    0.79310346], pos eng 182.13177, neg eng -220.20403
Test it 0, epoch_num 50, bert loss 177.96219, gt_traj_energys 0.45798, mcmc_energys 177.96219, action_correct_rate 0.82105, all_action_correct_rate_steps [0.75       0.78181815 0.875      0.81818187 0.94999999 0.875
 0.75862068 0.63999999 0.90909094 0.90476191], pos eng 177.96219, neg eng -207.73897
eval return: 0.19244897959183674, success_rate: 0.300
eval return: 0.14722222222222223, success_rate: 0.200
Test it 0, epoch_num 150, bert loss 152.05365, gt_traj_energys 0.35312, mcmc_energys 152.05365, action_correct_rate 0.87248, all_action_correct_rate_steps [0.828125   0.89655173 0.81818181 0.96078438 0.82222223 0.902439
 0.92307693 0.74285716 0.90000004 0.96551722], pos eng 152.05365, neg eng -175.25627
Test it 0, epoch_num 100, bert loss 181.49911, gt_traj_energys 0.45549, mcmc_energys 181.49911, action_correct_rate 0.82870, all_action_correct_rate_steps [0.78125    0.85000002 0.84482759 0.85416669 0.86666667 0.71794873
 0.88571429 0.89655173 0.78571433 0.80769235], pos eng 181.49911, neg eng -218.19118
eval return: 0.5012244897959184, success_rate: 0.600
eval return: 0.26805555555555555, success_rate: 0.400
Test it 0, epoch_num 150, bert loss 163.40765, gt_traj_energys 0.38913, mcmc_energys 163.40765, action_correct_rate 0.86752, all_action_correct_rate_steps [0.90625    0.75806451 0.85964912 0.86792457 0.89361697 0.92500001
 0.84615386 0.84615386 0.88571429 0.9375    ], pos eng 163.40765, neg eng -224.68980
eval return: 0.34305555555555556, success_rate: 0.400
eval return: 0.36602040816326525, success_rate: 0.425
eval return: 0.3711111111111111, success_rate: 0.500
Test it 0, epoch_num 50, bert loss 209.08861, gt_traj_energys 0.45790, mcmc_energys 209.08861, action_correct_rate 0.81986, all_action_correct_rate_steps [0.8125     0.91379309 0.81132078 0.79591835 0.73333335 0.85000002
 0.8108108  0.78787881 0.8214286  0.84615386], pos eng 209.08861, neg eng -203.82448
Test it 0, epoch_num 50, bert loss 218.26291, gt_traj_energys 0.53240, mcmc_energys 218.26291, action_correct_rate 0.77696, all_action_correct_rate_steps [0.765625   0.79999995 0.8125     0.83720928 0.78048778 0.68421054
 0.91428572 0.69696975 0.69230771 0.71999997], pos eng 218.26291, neg eng -185.79224
eval return: 0.27222222222222225, success_rate: 0.300
eval return: 0.056734693877551014, success_rate: 0.100
Test it 0, epoch_num 100, bert loss 185.74088, gt_traj_energys 0.45035, mcmc_energys 185.74088, action_correct_rate 0.82082, all_action_correct_rate_steps [0.875      0.79661018 0.88235295 0.84782612 0.76744187 0.78947371
 0.91176468 0.68965518 0.76923078 0.78260869], pos eng 185.74088, neg eng -154.15688
Test it 0, epoch_num 100, bert loss 182.83960, gt_traj_energys 0.39960, mcmc_energys 182.83960, action_correct_rate 0.83120, all_action_correct_rate_steps [0.84375    0.83050847 0.85454541 0.88       0.79166669 0.83720928
 0.81395346 0.84615386 0.82857144 0.75      ], pos eng 182.83960, neg eng -156.09264
eval return: 0.3227777777777778, success_rate: 0.400
Test it 0, epoch_num 150, bert loss 149.73862, gt_traj_energys 0.34316, mcmc_energys 149.73862, action_correct_rate 0.84962, all_action_correct_rate_steps [0.90625    0.86885244 0.80392158 0.90697676 0.92105263 0.82352942
 0.75       0.78571433 0.75999999 0.86956525], pos eng 149.73862, neg eng -169.04932
eval return: 0.0789795918367347, success_rate: 0.100
eval return: 0.43805555555555553, success_rate: 0.500
Test it 0, epoch_num 150, bert loss 148.90683, gt_traj_energys 0.36978, mcmc_energys 148.90683, action_correct_rate 0.84634, all_action_correct_rate_steps [0.890625   0.79310346 0.81999999 0.88636369 0.84615386 0.83333331
 0.82857144 0.87096775 0.8888889  0.80769235], pos eng 148.90683, neg eng -178.72136
eval return: 0.2497959183673469, success_rate: 0.300
eval return: 0.3622222222222221, success_rate: 0.500
Test it 0, epoch_num 50, bert loss 195.79707, gt_traj_energys 0.43395, mcmc_energys 195.79707, action_correct_rate 0.81818, all_action_correct_rate_steps [0.921875   0.86666673 0.76923078 0.75555557 0.71428573 0.81578946
 0.93548381 0.76666671 0.70833337 0.85714287], pos eng 195.79707, neg eng -206.14384
eval return: 0.3555555555555555, success_rate: 0.400
Test it 0, epoch_num 100, bert loss 160.25003, gt_traj_energys 0.37523, mcmc_energys 160.25003, action_correct_rate 0.85851, all_action_correct_rate_steps [0.9375     0.89473683 0.88       0.70212764 0.86046511 0.79487181
 0.88235295 0.89655173 0.77777779 0.92592591], pos eng 160.25003, neg eng -169.45877
eval return: 0.35459183673469385, success_rate: 0.425
eval return: 0.28305555555555556, success_rate: 0.300
Test it 0, epoch_num 50, bert loss 190.22055, gt_traj_energys 0.41381, mcmc_energys 190.22055, action_correct_rate 0.83916, all_action_correct_rate_steps [0.9375     0.74137932 0.73469388 0.86666667 0.875      0.97297299
 0.71428573 0.88235295 0.85294116 0.81818187], pos eng 190.22055, neg eng -201.70126
Test it 0, epoch_num 150, bert loss 186.93561, gt_traj_energys 0.41096, mcmc_energys 186.93561, action_correct_rate 0.83027, all_action_correct_rate_steps [0.828125   0.76271188 0.80357146 0.92156863 0.77551019 0.87234038
 0.8888889  0.82926828 0.84615386 0.78947371], pos eng 186.93561, neg eng -199.21156
eval return: 0.08795918367346939, success_rate: 0.100
eval return: 0.2577777777777778, success_rate: 0.300
Test it 0, epoch_num 100, bert loss 159.03085, gt_traj_energys 0.34760, mcmc_energys 159.03085, action_correct_rate 0.84000, all_action_correct_rate_steps [0.890625   0.86666673 0.8490566  0.85106379 0.71052635 0.85294116
 0.84375    0.85185188 0.75       0.85714287], pos eng 159.03085, neg eng -163.01579
eval return: 0.32999999999999996, success_rate: 0.400
Test it 0, epoch_num 150, bert loss 134.97197, gt_traj_energys 0.37626, mcmc_energys 134.97197, action_correct_rate 0.88586, all_action_correct_rate_steps [0.921875   0.87272727 0.90196079 0.8888889  0.84210527 0.94117647
 0.80000007 0.89655173 0.82758617 0.92857146], pos eng 134.97197, neg eng -190.20747
eval return: 0.29367346938775507, success_rate: 0.400
eval return: 0.3872916666666667, success_rate: 0.450
Test it 0, epoch_num 50, bert loss 181.40341, gt_traj_energys 0.44086, mcmc_energys 181.40341, action_correct_rate 0.82660, all_action_correct_rate_steps [0.78125    0.77777779 0.8163265  0.93181819 0.90000004 0.82051283
 0.69444448 0.79411763 0.87096775 0.9333334 ], pos eng 181.40341, neg eng -198.96307
eval return: 0.09959183673469388, success_rate: 0.100
Test it 0, epoch_num 100, bert loss 169.05199, gt_traj_energys 0.39655, mcmc_energys 169.05199, action_correct_rate 0.84223, all_action_correct_rate_steps [0.84375    0.90566039 0.83999997 0.84090912 0.78048778 0.82499999
 0.86486489 0.75       0.87878788 0.87878788], pos eng 169.05199, neg eng -155.28226
eval return: 0.3387755102040816, success_rate: 0.400
Test it 0, epoch_num 150, bert loss 149.87939, gt_traj_energys 0.37128, mcmc_energys 149.87939, action_correct_rate 0.86824, all_action_correct_rate_steps [0.921875   0.82456142 0.88235295 0.85416669 0.88095242 0.75675678
 0.97058827 0.83870965 0.90322578 0.83333337], pos eng 149.87939, neg eng -185.05545
eval return: 0.37948979591836735, success_rate: 0.450
eval return: 0.2430612244897959, success_rate: 0.300
eval return: 0.20448979591836736, success_rate: 0.275
Test it 0, epoch_num 50, bert loss 190.06812, gt_traj_energys 0.45993, mcmc_energys 190.06812, action_correct_rate 0.82057, all_action_correct_rate_steps [0.890625   0.79661018 0.79245281 0.8085106  0.79487181 0.85714287
 0.90909094 0.7096774  0.86666673 0.74074078], pos eng 190.06812, neg eng -247.84438
eval return: 0.2708163265306123, success_rate: 0.300
Test it 0, epoch_num 100, bert loss 199.41406, gt_traj_energys 0.42697, mcmc_energys 199.41406, action_correct_rate 0.81573, all_action_correct_rate_steps [0.84375    0.86666673 0.80769235 0.8125     0.81395346 0.87804878
 0.82051283 0.86486489 0.7096774  0.63333338], pos eng 199.41406, neg eng -234.64658
eval return: 0.18061224489795918, success_rate: 0.300
Test it 0, epoch_num 150, bert loss 155.20836, gt_traj_energys 0.41173, mcmc_energys 155.20836, action_correct_rate 0.86333, all_action_correct_rate_steps [0.921875   0.91071433 0.79999995 0.80434781 0.84090912 0.9512195
 0.77500004 0.8611111  0.84375    0.90000004], pos eng 155.20836, neg eng -165.06364
eval return: 0.2587755102040816, success_rate: 0.300
eval return: 0.21852040816326532, success_rate: 0.250
Test it 0, epoch_num 50, bert loss 195.97888, gt_traj_energys 0.45389, mcmc_energys 195.97888, action_correct_rate 0.82310, all_action_correct_rate_steps [0.828125   0.77586204 0.92156863 0.85416669 0.78571433 0.6857143
 0.87878788 0.8214286  0.79999995 0.86956525], pos eng 195.97888, neg eng -191.04092
eval return: 0.0, success_rate: 0.000
Test it 0, epoch_num 100, bert loss 183.86487, gt_traj_energys 0.40853, mcmc_energys 183.86487, action_correct_rate 0.83439, all_action_correct_rate_steps [0.84375    0.85483867 0.77586204 0.85454541 0.875      0.77272731
 0.85714287 0.8108108  0.875      0.82758617], pos eng 183.86487, neg eng -234.29749
eval return: 0.0, success_rate: 0.000
Test it 0, epoch_num 150, bert loss 154.64317, gt_traj_energys 0.37291, mcmc_energys 154.64317, action_correct_rate 0.86801, all_action_correct_rate_steps [0.859375   0.84482759 0.89090908 0.90196079 0.80000001 0.82926828
 0.92307693 0.82857144 0.86666673 0.96551722], pos eng 154.64317, neg eng -171.58752
eval return: 0.09959183673469388, success_rate: 0.100
eval return: 0.30178571428571427, success_rate: 0.400
Test it 0, epoch_num 50, bert loss 207.20932, gt_traj_energys 0.45517, mcmc_energys 207.20932, action_correct_rate 0.82217, all_action_correct_rate_steps [0.8125     0.91379309 0.83018869 0.8163265  0.73333335 0.82499999
 0.8108108  0.78787881 0.8214286  0.84615386], pos eng 207.20932, neg eng -139.21899
eval return: 0.09551020408163266, success_rate: 0.100
Test it 0, epoch_num 100, bert loss 186.77264, gt_traj_energys 0.40244, mcmc_energys 186.77264, action_correct_rate 0.83547, all_action_correct_rate_steps [0.859375   0.79661018 0.87272727 0.88       0.8125     0.86046511
 0.81395346 0.84615386 0.85714287 0.71875   ], pos eng 186.77264, neg eng -192.67690
eval return: 0.2579591836734694, success_rate: 0.300
Test it 0, epoch_num 150, bert loss 162.20822, gt_traj_energys 0.38134, mcmc_energys 162.20822, action_correct_rate 0.84878, all_action_correct_rate_steps [0.890625   0.81034482 0.81999999 0.86363637 0.87179488 0.83333331
 0.80000001 0.90322578 0.85185188 0.84615386], pos eng 162.20822, neg eng -173.57173
eval return: 0.5185714285714286, success_rate: 0.700
eval return: 0.2481122448979592, success_rate: 0.325
Test it 0, epoch_num 50, bert loss 194.43631, gt_traj_energys 0.43041, mcmc_energys 194.43631, action_correct_rate 0.83217, all_action_correct_rate_steps [0.90625    0.74137932 0.71428567 0.8888889  0.875      0.94594598
 0.71428573 0.88235295 0.85294116 0.81818187], pos eng 194.43631, neg eng -197.89996
eval return: 0.09142857142857143, success_rate: 0.100
Test it 0, epoch_num 100, bert loss 155.86394, gt_traj_energys 0.36051, mcmc_energys 155.86394, action_correct_rate 0.83500, all_action_correct_rate_steps [0.84375    0.83333337 0.88679248 0.85106379 0.71052635 0.85294116
 0.8125     0.92592591 0.75       0.85714287], pos eng 155.86394, neg eng -172.27020
eval return: 0.09714285714285714, success_rate: 0.100
Test it 0, epoch_num 150, bert loss 143.28568, gt_traj_energys 0.37980, mcmc_energys 143.28568, action_correct_rate 0.85608, all_action_correct_rate_steps [0.9375     0.87272727 0.92156863 0.75555557 0.86842108 0.88235295
 0.73333335 0.79310346 0.79310346 0.89285719], pos eng 143.28568, neg eng -183.03554
eval return: 0.02734693877551021, success_rate: 0.100
eval return: 0.22193877551020408, success_rate: 0.350
